<?xml version="1.0" encoding="UTF-8"?>
<TestRun id="3a1ca2db-70be-4d53-b04e-9a03ba1fb408" name="admin@ADMIN-PC 2015-10-06 15:46:38" runUser="admin-PC\admin" xmlns="http://microsoft.com/schemas/VisualStudio/TeamTest/2010">
  <TestSettings name="Local" id="b9d2b321-5f9b-451a-9232-0463233a7e35">
    <Description>These are default test settings for a local test run.</Description>
    <Deployment runDeploymentRoot="admin_ADMIN-PC 2015-10-06 15_46_38">
      <DeploymentItem filename="C:\Users\admin\Documents\Visual Studio 2010\Projects\TddApp\Problem_02\bin\Debug\Problem_02.dll" />
      <DeploymentItem filename="C:\Users\admin\Documents\Visual Studio 2010\Projects\TddApp\Problem_01\bin\Debug\Problem_01.exe" />
    </Deployment>
    <Execution>
      <TestTypeSpecific>
        <UnitTestRunConfig testTypeId="13cdc9d9-ddb5-4fa4-a97d-d965ccfc6d4b">
          <AssemblyResolution>
            <TestDirectory useLoadContext="true" />
          </AssemblyResolution>
        </UnitTestRunConfig>
        <WebTestRunConfiguration testTypeId="4e7599fa-5ecb-43e9-a887-cd63cf72d207">
          <Browser name="Internet Explorer 7.0">
            <Headers>
              <Header name="User-Agent" value="Mozilla/4.0 (compatible; MSIE 7.0; Windows NT 5.1)" />
              <Header name="Accept" value="*/*" />
              <Header name="Accept-Language" value="{{$IEAcceptLanguage}}" />
              <Header name="Accept-Encoding" value="GZIP" />
            </Headers>
          </Browser>
        </WebTestRunConfiguration>
      </TestTypeSpecific>
      <AgentRule name="LocalMachineDefaultRole">
        <DataCollectors>
          <DataCollector uri="datacollector://microsoft/CodeCoverage/1.0" assemblyQualifiedName="Microsoft.VisualStudio.TestTools.CodeCoverage.CoveragePlugIn, Microsoft.VisualStudio.QualityTools.Plugins.CodeCoverage, Version=10.0.0.0, Culture=neutral, PublicKeyToken=b03f5f7f11d50a3a" friendlyName="Code Coverage">
            <Configuration>
              <CodeCoverage xmlns="">
                <Regular>
                  <CodeCoverageItem binaryFile="C:\Users\admin\Documents\Visual Studio 2010\Projects\TddApp\Problem_02\bin\Debug\Problem_02.dll" pdbFile="C:\Users\admin\Documents\Visual Studio 2010\Projects\TddApp\Problem_02\bin\Debug\Problem_02.instr.pdb" instrumentInPlace="true" />
                </Regular>
              </CodeCoverage>
            </Configuration>
          </DataCollector>
        </DataCollectors>
      </AgentRule>
    </Execution>
  </TestSettings>
  <Times creation="2015-10-06T15:46:38.7445891+05:30" queuing="2015-10-06T15:46:38.8785968+05:30" start="2015-10-06T15:46:38.9115987+05:30" finish="2015-10-06T15:46:41.2267311+05:30" />
  <ResultSummary outcome="Completed">
    <Counters total="11" executed="11" passed="11" error="0" failed="0" timeout="0" aborted="0" inconclusive="0" passedButRunAborted="0" notRunnable="0" notExecuted="0" disconnected="0" warning="0" completed="0" inProgress="0" pending="0" />
    <ResultFiles>
      <ResultFile path="ADMIN-PC\data.coverage" />
    </ResultFiles>
  </ResultSummary>
  <TestDefinitions>
    <UnitTest name="CheckIfGameStartedTwiceThrowException" storage="c:\users\admin\documents\visual studio 2010\projects\tddapp\tddtestproject\bin\debug\tddtestproject.dll" id="0c08ab89-e6ea-2cb7-4159-36b5ffdf0e3b">
      <Execution id="0f214443-1d3a-43d6-846f-ec5f17712a8e" />
      <TestMethod codeBase="C:/Users/admin/Documents/Visual Studio 2010/Projects/TddApp/tddTestProject/bin/Debug/tddTestProject.DLL" adapterTypeName="Microsoft.VisualStudio.TestTools.TestTypes.Unit.UnitTestAdapter, Microsoft.VisualStudio.QualityTools.Tips.UnitTest.Adapter, Version=10.0.0.0, Culture=neutral, PublicKeyToken=b03f5f7f11d50a3a" className="tddTestProject.GuessGameEngineTests, tddTestProject, Version=1.0.0.0, Culture=neutral, PublicKeyToken=null" name="CheckIfGameStartedTwiceThrowException" />
    </UnitTest>
    <UnitTest name="TestIfStartPointExists" storage="c:\users\admin\documents\visual studio 2010\projects\tddapp\tddtestproject\bin\debug\tddtestproject.dll" id="a0397980-a34e-a1f3-d25a-b14275332670">
      <Execution id="4635a241-851a-4a35-8874-ff6e1867c7fd" />
      <TestMethod codeBase="C:/Users/admin/Documents/Visual Studio 2010/Projects/TddApp/tddTestProject/bin/Debug/tddTestProject.DLL" adapterTypeName="Microsoft.VisualStudio.TestTools.TestTypes.Unit.UnitTestAdapter, Microsoft.VisualStudio.QualityTools.Tips.UnitTest.Adapter, Version=10.0.0.0, Culture=neutral, PublicKeyToken=b03f5f7f11d50a3a" className="tddTestProject.RandomGeneratorTest, tddTestProject, Version=1.0.0.0, Culture=neutral, PublicKeyToken=null" name="TestIfStartPointExists" />
    </UnitTest>
    <UnitTest name="CheckAttemptsAreCorrect" storage="c:\users\admin\documents\visual studio 2010\projects\tddapp\tddtestproject\bin\debug\tddtestproject.dll" id="628db3ed-4833-0202-b315-6483646c2ec3">
      <Execution id="7a9ac160-bec3-473c-9230-7ae6ee7b4b1c" />
      <TestMethod codeBase="C:/Users/admin/Documents/Visual Studio 2010/Projects/TddApp/tddTestProject/bin/Debug/tddTestProject.DLL" adapterTypeName="Microsoft.VisualStudio.TestTools.TestTypes.Unit.UnitTestAdapter, Microsoft.VisualStudio.QualityTools.Tips.UnitTest.Adapter, Version=10.0.0.0, Culture=neutral, PublicKeyToken=b03f5f7f11d50a3a" className="tddTestProject.GuessGameEngineTests, tddTestProject, Version=1.0.0.0, Culture=neutral, PublicKeyToken=null" name="CheckAttemptsAreCorrect" />
    </UnitTest>
    <UnitTest name="TestIfEndPointExists" storage="c:\users\admin\documents\visual studio 2010\projects\tddapp\tddtestproject\bin\debug\tddtestproject.dll" id="7854da99-1ae1-56fd-feed-cdb33e663f74">
      <Execution id="397a26f3-0fb2-4f93-8713-fca88e242458" />
      <TestMethod codeBase="C:/Users/admin/Documents/Visual Studio 2010/Projects/TddApp/tddTestProject/bin/Debug/tddTestProject.DLL" adapterTypeName="Microsoft.VisualStudio.TestTools.TestTypes.Unit.UnitTestAdapter, Microsoft.VisualStudio.QualityTools.Tips.UnitTest.Adapter, Version=10.0.0.0, Culture=neutral, PublicKeyToken=b03f5f7f11d50a3a" className="tddTestProject.RandomGeneratorTest, tddTestProject, Version=1.0.0.0, Culture=neutral, PublicKeyToken=null" name="TestIfEndPointExists" />
    </UnitTest>
    <UnitTest name="CheckIfGameHasNotEndedInitial" storage="c:\users\admin\documents\visual studio 2010\projects\tddapp\tddtestproject\bin\debug\tddtestproject.dll" id="a64fb3be-0a63-85d4-2861-eb2a6c9c9224">
      <Execution id="3a1b9513-6202-4c61-aad0-06917f3015dd" />
      <TestMethod codeBase="C:/Users/admin/Documents/Visual Studio 2010/Projects/TddApp/tddTestProject/bin/Debug/tddTestProject.DLL" adapterTypeName="Microsoft.VisualStudio.TestTools.TestTypes.Unit.UnitTestAdapter, Microsoft.VisualStudio.QualityTools.Tips.UnitTest.Adapter, Version=10.0.0.0, Culture=neutral, PublicKeyToken=b03f5f7f11d50a3a" className="tddTestProject.GuessGameEngineTests, tddTestProject, Version=1.0.0.0, Culture=neutral, PublicKeyToken=null" name="CheckIfGameHasNotEndedInitial" />
    </UnitTest>
    <UnitTest name="TestVerifyNumberWithinStartAndEndPoint" storage="c:\users\admin\documents\visual studio 2010\projects\tddapp\tddtestproject\bin\debug\tddtestproject.dll" id="def8db2d-822f-af11-199b-3976d4144a7b">
      <Execution id="a62e9c56-8e63-4047-a5b1-d71edf72373c" />
      <TestMethod codeBase="C:/Users/admin/Documents/Visual Studio 2010/Projects/TddApp/tddTestProject/bin/Debug/tddTestProject.DLL" adapterTypeName="Microsoft.VisualStudio.TestTools.TestTypes.Unit.UnitTestAdapter, Microsoft.VisualStudio.QualityTools.Tips.UnitTest.Adapter, Version=10.0.0.0, Culture=neutral, PublicKeyToken=b03f5f7f11d50a3a" className="tddTestProject.RandomGeneratorTest, tddTestProject, Version=1.0.0.0, Culture=neutral, PublicKeyToken=null" name="TestVerifyNumberWithinStartAndEndPoint" />
    </UnitTest>
    <UnitTest name="CheckIfGameHasEnded" storage="c:\users\admin\documents\visual studio 2010\projects\tddapp\tddtestproject\bin\debug\tddtestproject.dll" id="bd475ef8-fb8a-003b-4339-2cbce56adb35">
      <Execution id="ebfa28de-6c55-4d2b-92a0-b26458a39b45" />
      <TestMethod codeBase="C:/Users/admin/Documents/Visual Studio 2010/Projects/TddApp/tddTestProject/bin/Debug/tddTestProject.DLL" adapterTypeName="Microsoft.VisualStudio.TestTools.TestTypes.Unit.UnitTestAdapter, Microsoft.VisualStudio.QualityTools.Tips.UnitTest.Adapter, Version=10.0.0.0, Culture=neutral, PublicKeyToken=b03f5f7f11d50a3a" className="tddTestProject.GuessGameEngineTests, tddTestProject, Version=1.0.0.0, Culture=neutral, PublicKeyToken=null" name="CheckIfGameHasEnded" />
    </UnitTest>
    <UnitTest name="CheckIfGameStarted" storage="c:\users\admin\documents\visual studio 2010\projects\tddapp\tddtestproject\bin\debug\tddtestproject.dll" id="54fcba90-3918-7879-c61d-d9bb244cac0a">
      <Execution id="59783a29-479a-431c-9303-ea99e0ee015a" />
      <TestMethod codeBase="C:/Users/admin/Documents/Visual Studio 2010/Projects/TddApp/tddTestProject/bin/Debug/tddTestProject.DLL" adapterTypeName="Microsoft.VisualStudio.TestTools.TestTypes.Unit.UnitTestAdapter, Microsoft.VisualStudio.QualityTools.Tips.UnitTest.Adapter, Version=10.0.0.0, Culture=neutral, PublicKeyToken=b03f5f7f11d50a3a" className="tddTestProject.GuessGameEngineTests, tddTestProject, Version=1.0.0.0, Culture=neutral, PublicKeyToken=null" name="CheckIfGameStarted" />
    </UnitTest>
    <UnitTest name="IfNumberLessThanRandomNumberReturnAimHigher" storage="c:\users\admin\documents\visual studio 2010\projects\tddapp\tddtestproject\bin\debug\tddtestproject.dll" id="3497b25c-7382-50b8-8b2e-7a9c42e0166d">
      <Execution id="b979d282-cf21-49ea-957b-f2021fa66fb0" />
      <TestMethod codeBase="C:/Users/admin/Documents/Visual Studio 2010/Projects/TddApp/tddTestProject/bin/Debug/tddTestProject.DLL" adapterTypeName="Microsoft.VisualStudio.TestTools.TestTypes.Unit.UnitTestAdapter, Microsoft.VisualStudio.QualityTools.Tips.UnitTest.Adapter, Version=10.0.0.0, Culture=neutral, PublicKeyToken=b03f5f7f11d50a3a" className="tddTestProject.GuessGameEngineTests, tddTestProject, Version=1.0.0.0, Culture=neutral, PublicKeyToken=null" name="IfNumberLessThanRandomNumberReturnAimHigher" />
    </UnitTest>
    <UnitTest name="IfNumberHigherThanRandomNumberReturnAimLower" storage="c:\users\admin\documents\visual studio 2010\projects\tddapp\tddtestproject\bin\debug\tddtestproject.dll" id="cc3055af-326a-4e81-0090-c61bcc7096d2">
      <Execution id="9ca0df08-7cbd-4714-9e16-b68507bdcaff" />
      <TestMethod codeBase="C:/Users/admin/Documents/Visual Studio 2010/Projects/TddApp/tddTestProject/bin/Debug/tddTestProject.DLL" adapterTypeName="Microsoft.VisualStudio.TestTools.TestTypes.Unit.UnitTestAdapter, Microsoft.VisualStudio.QualityTools.Tips.UnitTest.Adapter, Version=10.0.0.0, Culture=neutral, PublicKeyToken=b03f5f7f11d50a3a" className="tddTestProject.GuessGameEngineTests, tddTestProject, Version=1.0.0.0, Culture=neutral, PublicKeyToken=null" name="IfNumberHigherThanRandomNumberReturnAimLower" />
    </UnitTest>
    <UnitTest name="IfNumberEqualToRandomNumberReturnSucess" storage="c:\users\admin\documents\visual studio 2010\projects\tddapp\tddtestproject\bin\debug\tddtestproject.dll" id="9a2b2de3-68f6-0d01-db1a-1d37f11feefc">
      <Execution id="3077a69f-9eb4-4c6f-8141-0edbc5a99482" />
      <TestMethod codeBase="C:/Users/admin/Documents/Visual Studio 2010/Projects/TddApp/tddTestProject/bin/Debug/tddTestProject.DLL" adapterTypeName="Microsoft.VisualStudio.TestTools.TestTypes.Unit.UnitTestAdapter, Microsoft.VisualStudio.QualityTools.Tips.UnitTest.Adapter, Version=10.0.0.0, Culture=neutral, PublicKeyToken=b03f5f7f11d50a3a" className="tddTestProject.GuessGameEngineTests, tddTestProject, Version=1.0.0.0, Culture=neutral, PublicKeyToken=null" name="IfNumberEqualToRandomNumberReturnSucess" />
    </UnitTest>
  </TestDefinitions>
  <TestLists>
    <TestList name="Results Not in a List" id="8c84fa94-04c1-424b-9868-57a2d4851a1d" />
    <TestList name="All Loaded Results" id="19431567-8539-422a-85d7-44ee4e166bda" />
  </TestLists>
  <TestEntries>
    <TestEntry testId="0c08ab89-e6ea-2cb7-4159-36b5ffdf0e3b" executionId="0f214443-1d3a-43d6-846f-ec5f17712a8e" testListId="8c84fa94-04c1-424b-9868-57a2d4851a1d" />
    <TestEntry testId="3497b25c-7382-50b8-8b2e-7a9c42e0166d" executionId="b979d282-cf21-49ea-957b-f2021fa66fb0" testListId="8c84fa94-04c1-424b-9868-57a2d4851a1d" />
    <TestEntry testId="54fcba90-3918-7879-c61d-d9bb244cac0a" executionId="59783a29-479a-431c-9303-ea99e0ee015a" testListId="8c84fa94-04c1-424b-9868-57a2d4851a1d" />
    <TestEntry testId="628db3ed-4833-0202-b315-6483646c2ec3" executionId="7a9ac160-bec3-473c-9230-7ae6ee7b4b1c" testListId="8c84fa94-04c1-424b-9868-57a2d4851a1d" />
    <TestEntry testId="7854da99-1ae1-56fd-feed-cdb33e663f74" executionId="397a26f3-0fb2-4f93-8713-fca88e242458" testListId="8c84fa94-04c1-424b-9868-57a2d4851a1d" />
    <TestEntry testId="9a2b2de3-68f6-0d01-db1a-1d37f11feefc" executionId="3077a69f-9eb4-4c6f-8141-0edbc5a99482" testListId="8c84fa94-04c1-424b-9868-57a2d4851a1d" />
    <TestEntry testId="a0397980-a34e-a1f3-d25a-b14275332670" executionId="4635a241-851a-4a35-8874-ff6e1867c7fd" testListId="8c84fa94-04c1-424b-9868-57a2d4851a1d" />
    <TestEntry testId="a64fb3be-0a63-85d4-2861-eb2a6c9c9224" executionId="3a1b9513-6202-4c61-aad0-06917f3015dd" testListId="8c84fa94-04c1-424b-9868-57a2d4851a1d" />
    <TestEntry testId="bd475ef8-fb8a-003b-4339-2cbce56adb35" executionId="ebfa28de-6c55-4d2b-92a0-b26458a39b45" testListId="8c84fa94-04c1-424b-9868-57a2d4851a1d" />
    <TestEntry testId="cc3055af-326a-4e81-0090-c61bcc7096d2" executionId="9ca0df08-7cbd-4714-9e16-b68507bdcaff" testListId="8c84fa94-04c1-424b-9868-57a2d4851a1d" />
    <TestEntry testId="def8db2d-822f-af11-199b-3976d4144a7b" executionId="a62e9c56-8e63-4047-a5b1-d71edf72373c" testListId="8c84fa94-04c1-424b-9868-57a2d4851a1d" />
  </TestEntries>
  <Results>
    <UnitTestResult executionId="0f214443-1d3a-43d6-846f-ec5f17712a8e" testId="0c08ab89-e6ea-2cb7-4159-36b5ffdf0e3b" testName="CheckIfGameStartedTwiceThrowException" computerName="ADMIN-PC" duration="00:00:00.0154115" startTime="2015-10-06T15:46:39.3876259+05:30" endTime="2015-10-06T15:46:39.5156332+05:30" testType="13cdc9d9-ddb5-4fa4-a97d-d965ccfc6d4b" outcome="Passed" testListId="8c84fa94-04c1-424b-9868-57a2d4851a1d" relativeResultsDirectory="0f214443-1d3a-43d6-846f-ec5f17712a8e">
    </UnitTestResult>
    <UnitTestResult executionId="b979d282-cf21-49ea-957b-f2021fa66fb0" testId="3497b25c-7382-50b8-8b2e-7a9c42e0166d" testName="IfNumberLessThanRandomNumberReturnAimHigher" computerName="ADMIN-PC" duration="00:00:00.0005607" startTime="2015-10-06T15:46:39.5176333+05:30" endTime="2015-10-06T15:46:39.5206335+05:30" testType="13cdc9d9-ddb5-4fa4-a97d-d965ccfc6d4b" outcome="Passed" testListId="8c84fa94-04c1-424b-9868-57a2d4851a1d" relativeResultsDirectory="b979d282-cf21-49ea-957b-f2021fa66fb0">
    </UnitTestResult>
    <UnitTestResult executionId="59783a29-479a-431c-9303-ea99e0ee015a" testId="54fcba90-3918-7879-c61d-d9bb244cac0a" testName="CheckIfGameStarted" computerName="ADMIN-PC" duration="00:00:00.0001186" startTime="2015-10-06T15:46:39.5216335+05:30" endTime="2015-10-06T15:46:39.5256338+05:30" testType="13cdc9d9-ddb5-4fa4-a97d-d965ccfc6d4b" outcome="Passed" testListId="8c84fa94-04c1-424b-9868-57a2d4851a1d" relativeResultsDirectory="59783a29-479a-431c-9303-ea99e0ee015a">
    </UnitTestResult>
    <UnitTestResult executionId="7a9ac160-bec3-473c-9230-7ae6ee7b4b1c" testId="628db3ed-4833-0202-b315-6483646c2ec3" testName="CheckAttemptsAreCorrect" computerName="ADMIN-PC" duration="00:00:00.0002200" startTime="2015-10-06T15:46:39.5306341+05:30" endTime="2015-10-06T15:46:39.5336342+05:30" testType="13cdc9d9-ddb5-4fa4-a97d-d965ccfc6d4b" outcome="Passed" testListId="8c84fa94-04c1-424b-9868-57a2d4851a1d" relativeResultsDirectory="7a9ac160-bec3-473c-9230-7ae6ee7b4b1c">
    </UnitTestResult>
    <UnitTestResult executionId="397a26f3-0fb2-4f93-8713-fca88e242458" testId="7854da99-1ae1-56fd-feed-cdb33e663f74" testName="TestIfEndPointExists" computerName="ADMIN-PC" duration="00:00:00.0006240" startTime="2015-10-06T15:46:39.5346343+05:30" endTime="2015-10-06T15:46:39.5396346+05:30" testType="13cdc9d9-ddb5-4fa4-a97d-d965ccfc6d4b" outcome="Passed" testListId="8c84fa94-04c1-424b-9868-57a2d4851a1d" relativeResultsDirectory="397a26f3-0fb2-4f93-8713-fca88e242458">
    </UnitTestResult>
    <UnitTestResult executionId="3077a69f-9eb4-4c6f-8141-0edbc5a99482" testId="9a2b2de3-68f6-0d01-db1a-1d37f11feefc" testName="IfNumberEqualToRandomNumberReturnSucess" computerName="ADMIN-PC" duration="00:00:00.0001727" startTime="2015-10-06T15:46:39.5416347+05:30" endTime="2015-10-06T15:46:39.5456349+05:30" testType="13cdc9d9-ddb5-4fa4-a97d-d965ccfc6d4b" outcome="Passed" testListId="8c84fa94-04c1-424b-9868-57a2d4851a1d" relativeResultsDirectory="3077a69f-9eb4-4c6f-8141-0edbc5a99482">
    </UnitTestResult>
    <UnitTestResult executionId="4635a241-851a-4a35-8874-ff6e1867c7fd" testId="a0397980-a34e-a1f3-d25a-b14275332670" testName="TestIfStartPointExists" computerName="ADMIN-PC" duration="00:00:00.0001251" startTime="2015-10-06T15:46:39.5466350+05:30" endTime="2015-10-06T15:46:39.5496351+05:30" testType="13cdc9d9-ddb5-4fa4-a97d-d965ccfc6d4b" outcome="Passed" testListId="8c84fa94-04c1-424b-9868-57a2d4851a1d" relativeResultsDirectory="4635a241-851a-4a35-8874-ff6e1867c7fd">
    </UnitTestResult>
    <UnitTestResult executionId="3a1b9513-6202-4c61-aad0-06917f3015dd" testId="a64fb3be-0a63-85d4-2861-eb2a6c9c9224" testName="CheckIfGameHasNotEndedInitial" computerName="ADMIN-PC" duration="00:00:00.0002383" startTime="2015-10-06T15:46:39.5496351+05:30" endTime="2015-10-06T15:46:39.5556355+05:30" testType="13cdc9d9-ddb5-4fa4-a97d-d965ccfc6d4b" outcome="Passed" testListId="8c84fa94-04c1-424b-9868-57a2d4851a1d" relativeResultsDirectory="3a1b9513-6202-4c61-aad0-06917f3015dd">
    </UnitTestResult>
    <UnitTestResult executionId="ebfa28de-6c55-4d2b-92a0-b26458a39b45" testId="bd475ef8-fb8a-003b-4339-2cbce56adb35" testName="CheckIfGameHasEnded" computerName="ADMIN-PC" duration="00:00:00.0001636" startTime="2015-10-06T15:46:39.5566355+05:30" endTime="2015-10-06T15:46:39.5596357+05:30" testType="13cdc9d9-ddb5-4fa4-a97d-d965ccfc6d4b" outcome="Passed" testListId="8c84fa94-04c1-424b-9868-57a2d4851a1d" relativeResultsDirectory="ebfa28de-6c55-4d2b-92a0-b26458a39b45">
    </UnitTestResult>
    <UnitTestResult executionId="9ca0df08-7cbd-4714-9e16-b68507bdcaff" testId="cc3055af-326a-4e81-0090-c61bcc7096d2" testName="IfNumberHigherThanRandomNumberReturnAimLower" computerName="ADMIN-PC" duration="00:00:00.0001721" startTime="2015-10-06T15:46:39.5606358+05:30" endTime="2015-10-06T15:46:39.5646360+05:30" testType="13cdc9d9-ddb5-4fa4-a97d-d965ccfc6d4b" outcome="Passed" testListId="8c84fa94-04c1-424b-9868-57a2d4851a1d" relativeResultsDirectory="9ca0df08-7cbd-4714-9e16-b68507bdcaff">
    </UnitTestResult>
    <UnitTestResult executionId="a62e9c56-8e63-4047-a5b1-d71edf72373c" testId="def8db2d-822f-af11-199b-3976d4144a7b" testName="TestVerifyNumberWithinStartAndEndPoint" computerName="ADMIN-PC" duration="00:00:00.0005704" startTime="2015-10-06T15:46:39.5656361+05:30" endTime="2015-10-06T15:46:39.5686362+05:30" testType="13cdc9d9-ddb5-4fa4-a97d-d965ccfc6d4b" outcome="Passed" testListId="8c84fa94-04c1-424b-9868-57a2d4851a1d" relativeResultsDirectory="a62e9c56-8e63-4047-a5b1-d71edf72373c">
    </UnitTestResult>
  </Results>
</TestRun>