<?xml version="1.0" encoding="UTF-8"?>
<TestRun id="881ee481-2c17-4d9e-b4e3-ce56a3b9c225" name="admin@ADMIN-PC 2015-10-08 12:21:18" runUser="admin-PC\admin" xmlns="http://microsoft.com/schemas/VisualStudio/TeamTest/2010">
  <TestSettings name="Local" id="b9d2b321-5f9b-451a-9232-0463233a7e35">
    <Description>These are default test settings for a local test run.</Description>
    <Deployment runDeploymentRoot="admin_ADMIN-PC 2015-10-08 12_21_18">
      <DeploymentItem filename="C:\wells Fargo\Git\TddApp\TddDay3AuthService\bin\Debug\TddDay3AuthService.dll" />
    </Deployment>
    <Execution>
      <TestTypeSpecific>
        <UnitTestRunConfig testTypeId="13cdc9d9-ddb5-4fa4-a97d-d965ccfc6d4b">
          <AssemblyResolution>
            <TestDirectory useLoadContext="true" />
          </AssemblyResolution>
        </UnitTestRunConfig>
        <WebTestRunConfiguration testTypeId="4e7599fa-5ecb-43e9-a887-cd63cf72d207">
          <Browser name="Internet Explorer 7.0">
            <Headers>
              <Header name="User-Agent" value="Mozilla/4.0 (compatible; MSIE 7.0; Windows NT 5.1)" />
              <Header name="Accept" value="*/*" />
              <Header name="Accept-Language" value="{{$IEAcceptLanguage}}" />
              <Header name="Accept-Encoding" value="GZIP" />
            </Headers>
          </Browser>
        </WebTestRunConfiguration>
      </TestTypeSpecific>
      <AgentRule name="LocalMachineDefaultRole">
      </AgentRule>
    </Execution>
  </TestSettings>
  <Times creation="2015-10-08T12:21:18.4235244+05:30" queuing="2015-10-08T12:21:18.5015246+05:30" start="2015-10-08T12:21:18.5015246+05:30" finish="2015-10-08T12:21:18.6575248+05:30" />
  <ResultSummary outcome="Completed">
    <Counters total="4" executed="4" passed="4" error="0" failed="0" timeout="0" aborted="0" inconclusive="0" passedButRunAborted="0" notRunnable="0" notExecuted="0" disconnected="0" warning="0" completed="0" inProgress="0" pending="0" />
  </ResultSummary>
  <TestDefinitions>
    <UnitTest name="TestIfUserNameShouldBeGreaterThan8" storage="c:\wells fargo\git\tddapp\tddday3authservicetests\bin\debug\tddday3authservicetests.dll" id="b1ce1113-cd53-b685-c41f-160138355239">
      <Execution id="b435cf86-ea3d-49ec-bf9d-818a2f3f6bad" />
      <TestMethod codeBase="C:/wells Fargo/Git/TddApp/TddDay3AuthServiceTests/bin/Debug/TddDay3AuthServiceTests.DLL" adapterTypeName="Microsoft.VisualStudio.TestTools.TestTypes.Unit.UnitTestAdapter, Microsoft.VisualStudio.QualityTools.Tips.UnitTest.Adapter, Version=10.0.0.0, Culture=neutral, PublicKeyToken=b03f5f7f11d50a3a" className="TddDay3AuthServiceTests.UserTests, TddDay3AuthServiceTests, Version=1.0.0.0, Culture=neutral, PublicKeyToken=null" name="TestIfUserNameShouldBeGreaterThan8" />
    </UnitTest>
    <UnitTest name="TestIfUserAcceptsUserNameShouldBeLessThan10" storage="c:\wells fargo\git\tddapp\tddday3authservicetests\bin\debug\tddday3authservicetests.dll" id="bb824667-b086-dc7e-b579-864d082c0259">
      <Execution id="426174cb-ab97-4207-8613-749a8b0aadb3" />
      <TestMethod codeBase="C:/wells Fargo/Git/TddApp/TddDay3AuthServiceTests/bin/Debug/TddDay3AuthServiceTests.DLL" adapterTypeName="Microsoft.VisualStudio.TestTools.TestTypes.Unit.UnitTestAdapter, Microsoft.VisualStudio.QualityTools.Tips.UnitTest.Adapter, Version=10.0.0.0, Culture=neutral, PublicKeyToken=b03f5f7f11d50a3a" className="TddDay3AuthServiceTests.UserTests, TddDay3AuthServiceTests, Version=1.0.0.0, Culture=neutral, PublicKeyToken=null" name="TestIfUserAcceptsUserNameShouldBeLessThan10" />
    </UnitTest>
    <UnitTest name="TestIfPasswordShouldBeGreaterThan4" storage="c:\wells fargo\git\tddapp\tddday3authservicetests\bin\debug\tddday3authservicetests.dll" id="9dd4ea43-fef2-c7b7-a959-e96e602dd556">
      <Execution id="31d676b2-22e0-40d2-9ae0-83ad40ab9035" />
      <TestMethod codeBase="C:/wells Fargo/Git/TddApp/TddDay3AuthServiceTests/bin/Debug/TddDay3AuthServiceTests.DLL" adapterTypeName="Microsoft.VisualStudio.TestTools.TestTypes.Unit.UnitTestAdapter, Microsoft.VisualStudio.QualityTools.Tips.UnitTest.Adapter, Version=10.0.0.0, Culture=neutral, PublicKeyToken=b03f5f7f11d50a3a" className="TddDay3AuthServiceTests.UserTests, TddDay3AuthServiceTests, Version=1.0.0.0, Culture=neutral, PublicKeyToken=null" name="TestIfPasswordShouldBeGreaterThan4" />
    </UnitTest>
    <UnitTest name="TestIfPasswordShouldBeLessThan6" storage="c:\wells fargo\git\tddapp\tddday3authservicetests\bin\debug\tddday3authservicetests.dll" id="3e975d89-b60a-734a-8024-34a0039ed9e6">
      <Execution id="c8c62739-6f95-4c3e-8ab8-ca39940a7ff5" />
      <TestMethod codeBase="C:/wells Fargo/Git/TddApp/TddDay3AuthServiceTests/bin/Debug/TddDay3AuthServiceTests.DLL" adapterTypeName="Microsoft.VisualStudio.TestTools.TestTypes.Unit.UnitTestAdapter, Microsoft.VisualStudio.QualityTools.Tips.UnitTest.Adapter, Version=10.0.0.0, Culture=neutral, PublicKeyToken=b03f5f7f11d50a3a" className="TddDay3AuthServiceTests.UserTests, TddDay3AuthServiceTests, Version=1.0.0.0, Culture=neutral, PublicKeyToken=null" name="TestIfPasswordShouldBeLessThan6" />
    </UnitTest>
  </TestDefinitions>
  <TestLists>
    <TestList name="Results Not in a List" id="8c84fa94-04c1-424b-9868-57a2d4851a1d" />
    <TestList name="All Loaded Results" id="19431567-8539-422a-85d7-44ee4e166bda" />
  </TestLists>
  <TestEntries>
    <TestEntry testId="3e975d89-b60a-734a-8024-34a0039ed9e6" executionId="c8c62739-6f95-4c3e-8ab8-ca39940a7ff5" testListId="8c84fa94-04c1-424b-9868-57a2d4851a1d" />
    <TestEntry testId="9dd4ea43-fef2-c7b7-a959-e96e602dd556" executionId="31d676b2-22e0-40d2-9ae0-83ad40ab9035" testListId="8c84fa94-04c1-424b-9868-57a2d4851a1d" />
    <TestEntry testId="b1ce1113-cd53-b685-c41f-160138355239" executionId="b435cf86-ea3d-49ec-bf9d-818a2f3f6bad" testListId="8c84fa94-04c1-424b-9868-57a2d4851a1d" />
    <TestEntry testId="bb824667-b086-dc7e-b579-864d082c0259" executionId="426174cb-ab97-4207-8613-749a8b0aadb3" testListId="8c84fa94-04c1-424b-9868-57a2d4851a1d" />
  </TestEntries>
  <Results>
    <UnitTestResult executionId="c8c62739-6f95-4c3e-8ab8-ca39940a7ff5" testId="3e975d89-b60a-734a-8024-34a0039ed9e6" testName="TestIfPasswordShouldBeLessThan6" computerName="ADMIN-PC" duration="00:00:00.0146831" startTime="2015-10-08T12:21:18.5015246+05:30" endTime="2015-10-08T12:21:18.6419248+05:30" testType="13cdc9d9-ddb5-4fa4-a97d-d965ccfc6d4b" outcome="Passed" testListId="8c84fa94-04c1-424b-9868-57a2d4851a1d" relativeResultsDirectory="c8c62739-6f95-4c3e-8ab8-ca39940a7ff5">
    </UnitTestResult>
    <UnitTestResult executionId="31d676b2-22e0-40d2-9ae0-83ad40ab9035" testId="9dd4ea43-fef2-c7b7-a959-e96e602dd556" testName="TestIfPasswordShouldBeGreaterThan4" computerName="ADMIN-PC" duration="00:00:00.0003737" startTime="2015-10-08T12:21:18.6419248+05:30" endTime="2015-10-08T12:21:18.6419248+05:30" testType="13cdc9d9-ddb5-4fa4-a97d-d965ccfc6d4b" outcome="Passed" testListId="8c84fa94-04c1-424b-9868-57a2d4851a1d" relativeResultsDirectory="31d676b2-22e0-40d2-9ae0-83ad40ab9035">
    </UnitTestResult>
    <UnitTestResult executionId="b435cf86-ea3d-49ec-bf9d-818a2f3f6bad" testId="b1ce1113-cd53-b685-c41f-160138355239" testName="TestIfUserNameShouldBeGreaterThan8" computerName="ADMIN-PC" duration="00:00:00.0006802" startTime="2015-10-08T12:21:18.6419248+05:30" endTime="2015-10-08T12:21:18.6419248+05:30" testType="13cdc9d9-ddb5-4fa4-a97d-d965ccfc6d4b" outcome="Passed" testListId="8c84fa94-04c1-424b-9868-57a2d4851a1d" relativeResultsDirectory="b435cf86-ea3d-49ec-bf9d-818a2f3f6bad">
    </UnitTestResult>
    <UnitTestResult executionId="426174cb-ab97-4207-8613-749a8b0aadb3" testId="bb824667-b086-dc7e-b579-864d082c0259" testName="TestIfUserAcceptsUserNameShouldBeLessThan10" computerName="ADMIN-PC" duration="00:00:00.0004219" startTime="2015-10-08T12:21:18.6419248+05:30" endTime="2015-10-08T12:21:18.6575248+05:30" testType="13cdc9d9-ddb5-4fa4-a97d-d965ccfc6d4b" outcome="Passed" testListId="8c84fa94-04c1-424b-9868-57a2d4851a1d" relativeResultsDirectory="426174cb-ab97-4207-8613-749a8b0aadb3">
    </UnitTestResult>
  </Results>
</TestRun>