<?xml version="1.0" encoding="UTF-8"?>
<TestRun id="1f58f055-aa65-4d91-8ae4-a9371d77a238" name="admin@ADMIN-PC 2015-10-06 14:51:43" runUser="admin-PC\admin" xmlns="http://microsoft.com/schemas/VisualStudio/TeamTest/2010">
  <TestSettings name="Local" id="b9d2b321-5f9b-451a-9232-0463233a7e35">
    <Description>These are default test settings for a local test run.</Description>
    <Deployment runDeploymentRoot="admin_ADMIN-PC 2015-10-06 14_51_43">
      <DeploymentItem filename="C:\Users\admin\Documents\Visual Studio 2010\Projects\TddApp\Problem_02\bin\Debug\Problem_02.dll" />
      <DeploymentItem filename="C:\Users\admin\Documents\Visual Studio 2010\Projects\TddApp\Problem_01\bin\Debug\Problem_01.exe" />
    </Deployment>
    <Execution>
      <TestTypeSpecific>
        <UnitTestRunConfig testTypeId="13cdc9d9-ddb5-4fa4-a97d-d965ccfc6d4b">
          <AssemblyResolution>
            <TestDirectory useLoadContext="true" />
          </AssemblyResolution>
        </UnitTestRunConfig>
        <WebTestRunConfiguration testTypeId="4e7599fa-5ecb-43e9-a887-cd63cf72d207">
          <Browser name="Internet Explorer 7.0">
            <Headers>
              <Header name="User-Agent" value="Mozilla/4.0 (compatible; MSIE 7.0; Windows NT 5.1)" />
              <Header name="Accept" value="*/*" />
              <Header name="Accept-Language" value="{{$IEAcceptLanguage}}" />
              <Header name="Accept-Encoding" value="GZIP" />
            </Headers>
          </Browser>
        </WebTestRunConfiguration>
      </TestTypeSpecific>
      <AgentRule name="LocalMachineDefaultRole">
        <DataCollectors>
          <DataCollector uri="datacollector://microsoft/CodeCoverage/1.0" assemblyQualifiedName="Microsoft.VisualStudio.TestTools.CodeCoverage.CoveragePlugIn, Microsoft.VisualStudio.QualityTools.Plugins.CodeCoverage, Version=10.0.0.0, Culture=neutral, PublicKeyToken=b03f5f7f11d50a3a" friendlyName="Code Coverage">
            <Configuration>
              <CodeCoverage xmlns="">
                <Regular>
                  <CodeCoverageItem binaryFile="C:\Users\admin\Documents\Visual Studio 2010\Projects\TddApp\Problem_02\bin\Debug\Problem_02.dll" pdbFile="C:\Users\admin\Documents\Visual Studio 2010\Projects\TddApp\Problem_02\bin\Debug\Problem_02.instr.pdb" instrumentInPlace="true" />
                </Regular>
              </CodeCoverage>
            </Configuration>
          </DataCollector>
        </DataCollectors>
      </AgentRule>
    </Execution>
  </TestSettings>
  <Times creation="2015-10-06T14:51:43.1000890+05:30" queuing="2015-10-06T14:51:43.4061065+05:30" start="2015-10-06T14:51:43.4441087+05:30" finish="2015-10-06T14:51:45.3582182+05:30" />
  <ResultSummary outcome="Completed">
    <Counters total="10" executed="10" passed="10" error="0" failed="0" timeout="0" aborted="0" inconclusive="0" passedButRunAborted="0" notRunnable="0" notExecuted="0" disconnected="0" warning="0" completed="0" inProgress="0" pending="0" />
    <ResultFiles>
      <ResultFile path="ADMIN-PC\data.coverage" />
    </ResultFiles>
  </ResultSummary>
  <TestDefinitions>
    <UnitTest name="CheckIfGameStartedTwiceThrowException" storage="c:\users\admin\documents\visual studio 2010\projects\tddapp\tddtestproject\bin\debug\tddtestproject.dll" id="0c08ab89-e6ea-2cb7-4159-36b5ffdf0e3b">
      <Execution id="253317fc-f941-4580-a154-0ef22488f5aa" />
      <TestMethod codeBase="C:/Users/admin/Documents/Visual Studio 2010/Projects/TddApp/tddTestProject/bin/Debug/tddTestProject.DLL" adapterTypeName="Microsoft.VisualStudio.TestTools.TestTypes.Unit.UnitTestAdapter, Microsoft.VisualStudio.QualityTools.Tips.UnitTest.Adapter, Version=10.0.0.0, Culture=neutral, PublicKeyToken=b03f5f7f11d50a3a" className="tddTestProject.GuessGameEngineTests, tddTestProject, Version=1.0.0.0, Culture=neutral, PublicKeyToken=null" name="CheckIfGameStartedTwiceThrowException" />
    </UnitTest>
    <UnitTest name="TestIfStartPointExists" storage="c:\users\admin\documents\visual studio 2010\projects\tddapp\tddtestproject\bin\debug\tddtestproject.dll" id="a0397980-a34e-a1f3-d25a-b14275332670">
      <Execution id="0d09e402-7ddb-4366-82f2-c8cde6cdc75f" />
      <TestMethod codeBase="C:/Users/admin/Documents/Visual Studio 2010/Projects/TddApp/tddTestProject/bin/Debug/tddTestProject.DLL" adapterTypeName="Microsoft.VisualStudio.TestTools.TestTypes.Unit.UnitTestAdapter, Microsoft.VisualStudio.QualityTools.Tips.UnitTest.Adapter, Version=10.0.0.0, Culture=neutral, PublicKeyToken=b03f5f7f11d50a3a" className="tddTestProject.RandomGeneratorTest, tddTestProject, Version=1.0.0.0, Culture=neutral, PublicKeyToken=null" name="TestIfStartPointExists" />
    </UnitTest>
    <UnitTest name="CheckAttemptsAreCorrect" storage="c:\users\admin\documents\visual studio 2010\projects\tddapp\tddtestproject\bin\debug\tddtestproject.dll" id="628db3ed-4833-0202-b315-6483646c2ec3">
      <Execution id="407ed0bf-dca5-4f06-b251-3f17f5139a4b" />
      <TestMethod codeBase="C:/Users/admin/Documents/Visual Studio 2010/Projects/TddApp/tddTestProject/bin/Debug/tddTestProject.DLL" adapterTypeName="Microsoft.VisualStudio.TestTools.TestTypes.Unit.UnitTestAdapter, Microsoft.VisualStudio.QualityTools.Tips.UnitTest.Adapter, Version=10.0.0.0, Culture=neutral, PublicKeyToken=b03f5f7f11d50a3a" className="tddTestProject.GuessGameEngineTests, tddTestProject, Version=1.0.0.0, Culture=neutral, PublicKeyToken=null" name="CheckAttemptsAreCorrect" />
    </UnitTest>
    <UnitTest name="TestIfEndPointExists" storage="c:\users\admin\documents\visual studio 2010\projects\tddapp\tddtestproject\bin\debug\tddtestproject.dll" id="7854da99-1ae1-56fd-feed-cdb33e663f74">
      <Execution id="2a7ff1ef-3793-46ba-a402-f1ed99519c74" />
      <TestMethod codeBase="C:/Users/admin/Documents/Visual Studio 2010/Projects/TddApp/tddTestProject/bin/Debug/tddTestProject.DLL" adapterTypeName="Microsoft.VisualStudio.TestTools.TestTypes.Unit.UnitTestAdapter, Microsoft.VisualStudio.QualityTools.Tips.UnitTest.Adapter, Version=10.0.0.0, Culture=neutral, PublicKeyToken=b03f5f7f11d50a3a" className="tddTestProject.RandomGeneratorTest, tddTestProject, Version=1.0.0.0, Culture=neutral, PublicKeyToken=null" name="TestIfEndPointExists" />
    </UnitTest>
    <UnitTest name="TestVerifyNumberWithinStartAndEndPoint" storage="c:\users\admin\documents\visual studio 2010\projects\tddapp\tddtestproject\bin\debug\tddtestproject.dll" id="def8db2d-822f-af11-199b-3976d4144a7b">
      <Execution id="33cbf84e-0a4a-42b9-92f2-c99fb4923b7e" />
      <TestMethod codeBase="C:/Users/admin/Documents/Visual Studio 2010/Projects/TddApp/tddTestProject/bin/Debug/tddTestProject.DLL" adapterTypeName="Microsoft.VisualStudio.TestTools.TestTypes.Unit.UnitTestAdapter, Microsoft.VisualStudio.QualityTools.Tips.UnitTest.Adapter, Version=10.0.0.0, Culture=neutral, PublicKeyToken=b03f5f7f11d50a3a" className="tddTestProject.RandomGeneratorTest, tddTestProject, Version=1.0.0.0, Culture=neutral, PublicKeyToken=null" name="TestVerifyNumberWithinStartAndEndPoint" />
    </UnitTest>
    <UnitTest name="IfNumberEqualToRandomNumberReturnSucess" storage="c:\users\admin\documents\visual studio 2010\projects\tddapp\tddtestproject\bin\debug\tddtestproject.dll" id="9a2b2de3-68f6-0d01-db1a-1d37f11feefc">
      <Execution id="4f2a1dad-9ff6-4f8e-995b-052a84963ab6" />
      <TestMethod codeBase="C:/Users/admin/Documents/Visual Studio 2010/Projects/TddApp/tddTestProject/bin/Debug/tddTestProject.DLL" adapterTypeName="Microsoft.VisualStudio.TestTools.TestTypes.Unit.UnitTestAdapter, Microsoft.VisualStudio.QualityTools.Tips.UnitTest.Adapter, Version=10.0.0.0, Culture=neutral, PublicKeyToken=b03f5f7f11d50a3a" className="tddTestProject.GuessGameEngineTests, tddTestProject, Version=1.0.0.0, Culture=neutral, PublicKeyToken=null" name="IfNumberEqualToRandomNumberReturnSucess" />
    </UnitTest>
    <UnitTest name="CheckIfGameHasEnded" storage="c:\users\admin\documents\visual studio 2010\projects\tddapp\tddtestproject\bin\debug\tddtestproject.dll" id="bd475ef8-fb8a-003b-4339-2cbce56adb35">
      <Execution id="90823ae5-e8a8-4f4a-8307-814249811c7d" />
      <TestMethod codeBase="C:/Users/admin/Documents/Visual Studio 2010/Projects/TddApp/tddTestProject/bin/Debug/tddTestProject.DLL" adapterTypeName="Microsoft.VisualStudio.TestTools.TestTypes.Unit.UnitTestAdapter, Microsoft.VisualStudio.QualityTools.Tips.UnitTest.Adapter, Version=10.0.0.0, Culture=neutral, PublicKeyToken=b03f5f7f11d50a3a" className="tddTestProject.GuessGameEngineTests, tddTestProject, Version=1.0.0.0, Culture=neutral, PublicKeyToken=null" name="CheckIfGameHasEnded" />
    </UnitTest>
    <UnitTest name="CheckIfGameStarted" storage="c:\users\admin\documents\visual studio 2010\projects\tddapp\tddtestproject\bin\debug\tddtestproject.dll" id="54fcba90-3918-7879-c61d-d9bb244cac0a">
      <Execution id="4cafc8b2-79ea-4a7f-8a85-0b6c9c9c6399" />
      <TestMethod codeBase="C:/Users/admin/Documents/Visual Studio 2010/Projects/TddApp/tddTestProject/bin/Debug/tddTestProject.DLL" adapterTypeName="Microsoft.VisualStudio.TestTools.TestTypes.Unit.UnitTestAdapter, Microsoft.VisualStudio.QualityTools.Tips.UnitTest.Adapter, Version=10.0.0.0, Culture=neutral, PublicKeyToken=b03f5f7f11d50a3a" className="tddTestProject.GuessGameEngineTests, tddTestProject, Version=1.0.0.0, Culture=neutral, PublicKeyToken=null" name="CheckIfGameStarted" />
    </UnitTest>
    <UnitTest name="IfNumberLessThanRandomNumberReturnAimHigher" storage="c:\users\admin\documents\visual studio 2010\projects\tddapp\tddtestproject\bin\debug\tddtestproject.dll" id="3497b25c-7382-50b8-8b2e-7a9c42e0166d">
      <Execution id="675e9dd9-23e2-435f-b275-5920954401ec" />
      <TestMethod codeBase="C:/Users/admin/Documents/Visual Studio 2010/Projects/TddApp/tddTestProject/bin/Debug/tddTestProject.DLL" adapterTypeName="Microsoft.VisualStudio.TestTools.TestTypes.Unit.UnitTestAdapter, Microsoft.VisualStudio.QualityTools.Tips.UnitTest.Adapter, Version=10.0.0.0, Culture=neutral, PublicKeyToken=b03f5f7f11d50a3a" className="tddTestProject.GuessGameEngineTests, tddTestProject, Version=1.0.0.0, Culture=neutral, PublicKeyToken=null" name="IfNumberLessThanRandomNumberReturnAimHigher" />
    </UnitTest>
    <UnitTest name="IfNumberHigherThanRandomNumberReturnAimLower" storage="c:\users\admin\documents\visual studio 2010\projects\tddapp\tddtestproject\bin\debug\tddtestproject.dll" id="cc3055af-326a-4e81-0090-c61bcc7096d2">
      <Execution id="e9db3416-372d-48aa-963f-a27fa23cf787" />
      <TestMethod codeBase="C:/Users/admin/Documents/Visual Studio 2010/Projects/TddApp/tddTestProject/bin/Debug/tddTestProject.DLL" adapterTypeName="Microsoft.VisualStudio.TestTools.TestTypes.Unit.UnitTestAdapter, Microsoft.VisualStudio.QualityTools.Tips.UnitTest.Adapter, Version=10.0.0.0, Culture=neutral, PublicKeyToken=b03f5f7f11d50a3a" className="tddTestProject.GuessGameEngineTests, tddTestProject, Version=1.0.0.0, Culture=neutral, PublicKeyToken=null" name="IfNumberHigherThanRandomNumberReturnAimLower" />
    </UnitTest>
  </TestDefinitions>
  <TestLists>
    <TestList name="Results Not in a List" id="8c84fa94-04c1-424b-9868-57a2d4851a1d" />
    <TestList name="All Loaded Results" id="19431567-8539-422a-85d7-44ee4e166bda" />
  </TestLists>
  <TestEntries>
    <TestEntry testId="a0397980-a34e-a1f3-d25a-b14275332670" executionId="0d09e402-7ddb-4366-82f2-c8cde6cdc75f" testListId="8c84fa94-04c1-424b-9868-57a2d4851a1d" />
    <TestEntry testId="7854da99-1ae1-56fd-feed-cdb33e663f74" executionId="2a7ff1ef-3793-46ba-a402-f1ed99519c74" testListId="8c84fa94-04c1-424b-9868-57a2d4851a1d" />
    <TestEntry testId="def8db2d-822f-af11-199b-3976d4144a7b" executionId="33cbf84e-0a4a-42b9-92f2-c99fb4923b7e" testListId="8c84fa94-04c1-424b-9868-57a2d4851a1d" />
    <TestEntry testId="54fcba90-3918-7879-c61d-d9bb244cac0a" executionId="4cafc8b2-79ea-4a7f-8a85-0b6c9c9c6399" testListId="8c84fa94-04c1-424b-9868-57a2d4851a1d" />
    <TestEntry testId="0c08ab89-e6ea-2cb7-4159-36b5ffdf0e3b" executionId="253317fc-f941-4580-a154-0ef22488f5aa" testListId="8c84fa94-04c1-424b-9868-57a2d4851a1d" />
    <TestEntry testId="3497b25c-7382-50b8-8b2e-7a9c42e0166d" executionId="675e9dd9-23e2-435f-b275-5920954401ec" testListId="8c84fa94-04c1-424b-9868-57a2d4851a1d" />
    <TestEntry testId="cc3055af-326a-4e81-0090-c61bcc7096d2" executionId="e9db3416-372d-48aa-963f-a27fa23cf787" testListId="8c84fa94-04c1-424b-9868-57a2d4851a1d" />
    <TestEntry testId="628db3ed-4833-0202-b315-6483646c2ec3" executionId="407ed0bf-dca5-4f06-b251-3f17f5139a4b" testListId="8c84fa94-04c1-424b-9868-57a2d4851a1d" />
    <TestEntry testId="9a2b2de3-68f6-0d01-db1a-1d37f11feefc" executionId="4f2a1dad-9ff6-4f8e-995b-052a84963ab6" testListId="8c84fa94-04c1-424b-9868-57a2d4851a1d" />
    <TestEntry testId="bd475ef8-fb8a-003b-4339-2cbce56adb35" executionId="90823ae5-e8a8-4f4a-8307-814249811c7d" testListId="8c84fa94-04c1-424b-9868-57a2d4851a1d" />
  </TestEntries>
  <Results>
    <UnitTestResult executionId="0d09e402-7ddb-4366-82f2-c8cde6cdc75f" testId="a0397980-a34e-a1f3-d25a-b14275332670" testName="TestIfStartPointExists" computerName="ADMIN-PC" duration="00:00:00.0311721" startTime="2015-10-06T14:51:44.0031407+05:30" endTime="2015-10-06T14:51:44.1401485+05:30" testType="13cdc9d9-ddb5-4fa4-a97d-d965ccfc6d4b" outcome="Passed" testListId="8c84fa94-04c1-424b-9868-57a2d4851a1d" relativeResultsDirectory="0d09e402-7ddb-4366-82f2-c8cde6cdc75f">
    </UnitTestResult>
    <UnitTestResult executionId="2a7ff1ef-3793-46ba-a402-f1ed99519c74" testId="7854da99-1ae1-56fd-feed-cdb33e663f74" testName="TestIfEndPointExists" computerName="ADMIN-PC" duration="00:00:00.0001975" startTime="2015-10-06T14:51:44.1431487+05:30" endTime="2015-10-06T14:51:44.1451488+05:30" testType="13cdc9d9-ddb5-4fa4-a97d-d965ccfc6d4b" outcome="Passed" testListId="8c84fa94-04c1-424b-9868-57a2d4851a1d" relativeResultsDirectory="2a7ff1ef-3793-46ba-a402-f1ed99519c74">
    </UnitTestResult>
    <UnitTestResult executionId="33cbf84e-0a4a-42b9-92f2-c99fb4923b7e" testId="def8db2d-822f-af11-199b-3976d4144a7b" testName="TestVerifyNumberWithinStartAndEndPoint" computerName="ADMIN-PC" duration="00:00:00.0007432" startTime="2015-10-06T14:51:44.1471489+05:30" endTime="2015-10-06T14:51:44.1501491+05:30" testType="13cdc9d9-ddb5-4fa4-a97d-d965ccfc6d4b" outcome="Passed" testListId="8c84fa94-04c1-424b-9868-57a2d4851a1d" relativeResultsDirectory="33cbf84e-0a4a-42b9-92f2-c99fb4923b7e">
    </UnitTestResult>
    <UnitTestResult executionId="4cafc8b2-79ea-4a7f-8a85-0b6c9c9c6399" testId="54fcba90-3918-7879-c61d-d9bb244cac0a" testName="CheckIfGameStarted" computerName="ADMIN-PC" duration="00:00:00.0004695" startTime="2015-10-06T14:51:44.1511491+05:30" endTime="2015-10-06T14:51:44.1541493+05:30" testType="13cdc9d9-ddb5-4fa4-a97d-d965ccfc6d4b" outcome="Passed" testListId="8c84fa94-04c1-424b-9868-57a2d4851a1d" relativeResultsDirectory="4cafc8b2-79ea-4a7f-8a85-0b6c9c9c6399">
    </UnitTestResult>
    <UnitTestResult executionId="253317fc-f941-4580-a154-0ef22488f5aa" testId="0c08ab89-e6ea-2cb7-4159-36b5ffdf0e3b" testName="CheckIfGameStartedTwiceThrowException" computerName="ADMIN-PC" duration="00:00:00.0002286" startTime="2015-10-06T14:51:44.1561494+05:30" endTime="2015-10-06T14:51:44.1581495+05:30" testType="13cdc9d9-ddb5-4fa4-a97d-d965ccfc6d4b" outcome="Passed" testListId="8c84fa94-04c1-424b-9868-57a2d4851a1d" relativeResultsDirectory="253317fc-f941-4580-a154-0ef22488f5aa">
    </UnitTestResult>
    <UnitTestResult executionId="675e9dd9-23e2-435f-b275-5920954401ec" testId="3497b25c-7382-50b8-8b2e-7a9c42e0166d" testName="IfNumberLessThanRandomNumberReturnAimHigher" computerName="ADMIN-PC" duration="00:00:00.0008276" startTime="2015-10-06T14:51:44.1601496+05:30" endTime="2015-10-06T14:51:44.1651499+05:30" testType="13cdc9d9-ddb5-4fa4-a97d-d965ccfc6d4b" outcome="Passed" testListId="8c84fa94-04c1-424b-9868-57a2d4851a1d" relativeResultsDirectory="675e9dd9-23e2-435f-b275-5920954401ec">
    </UnitTestResult>
    <UnitTestResult executionId="e9db3416-372d-48aa-963f-a27fa23cf787" testId="cc3055af-326a-4e81-0090-c61bcc7096d2" testName="IfNumberHigherThanRandomNumberReturnAimLower" computerName="ADMIN-PC" duration="00:00:00.0001870" startTime="2015-10-06T14:51:44.1671500+05:30" endTime="2015-10-06T14:51:44.1711503+05:30" testType="13cdc9d9-ddb5-4fa4-a97d-d965ccfc6d4b" outcome="Passed" testListId="8c84fa94-04c1-424b-9868-57a2d4851a1d" relativeResultsDirectory="e9db3416-372d-48aa-963f-a27fa23cf787">
    </UnitTestResult>
    <UnitTestResult executionId="407ed0bf-dca5-4f06-b251-3f17f5139a4b" testId="628db3ed-4833-0202-b315-6483646c2ec3" testName="CheckAttemptsAreCorrect" computerName="ADMIN-PC" duration="00:00:00.0002691" startTime="2015-10-06T14:51:44.1721503+05:30" endTime="2015-10-06T14:51:44.1761506+05:30" testType="13cdc9d9-ddb5-4fa4-a97d-d965ccfc6d4b" outcome="Passed" testListId="8c84fa94-04c1-424b-9868-57a2d4851a1d" relativeResultsDirectory="407ed0bf-dca5-4f06-b251-3f17f5139a4b">
    </UnitTestResult>
    <UnitTestResult executionId="4f2a1dad-9ff6-4f8e-995b-052a84963ab6" testId="9a2b2de3-68f6-0d01-db1a-1d37f11feefc" testName="IfNumberEqualToRandomNumberReturnSucess" computerName="ADMIN-PC" duration="00:00:00.0001739" startTime="2015-10-06T14:51:44.1781507+05:30" endTime="2015-10-06T14:51:44.1811508+05:30" testType="13cdc9d9-ddb5-4fa4-a97d-d965ccfc6d4b" outcome="Passed" testListId="8c84fa94-04c1-424b-9868-57a2d4851a1d" relativeResultsDirectory="4f2a1dad-9ff6-4f8e-995b-052a84963ab6">
    </UnitTestResult>
    <UnitTestResult executionId="90823ae5-e8a8-4f4a-8307-814249811c7d" testId="bd475ef8-fb8a-003b-4339-2cbce56adb35" testName="CheckIfGameHasEnded" computerName="ADMIN-PC" duration="00:00:00.0004307" startTime="2015-10-06T14:51:44.1821509+05:30" endTime="2015-10-06T14:51:44.1861511+05:30" testType="13cdc9d9-ddb5-4fa4-a97d-d965ccfc6d4b" outcome="Passed" testListId="8c84fa94-04c1-424b-9868-57a2d4851a1d" relativeResultsDirectory="90823ae5-e8a8-4f4a-8307-814249811c7d">
    </UnitTestResult>
  </Results>
</TestRun>