<?xml version="1.0" encoding="UTF-8"?>
<TestRun id="adea4581-4f0e-4961-9989-a58979bf042d" name="admin@ADMIN-PC 2015-10-08 12:19:30" runUser="admin-PC\admin" xmlns="http://microsoft.com/schemas/VisualStudio/TeamTest/2010">
  <TestSettings name="Local" id="b9d2b321-5f9b-451a-9232-0463233a7e35">
    <Description>These are default test settings for a local test run.</Description>
    <Deployment runDeploymentRoot="admin_ADMIN-PC 2015-10-08 12_19_30">
      <DeploymentItem filename="C:\wells Fargo\Git\TddApp\TddDay3AuthService\bin\Debug\TddDay3AuthService.dll" />
    </Deployment>
    <Execution>
      <TestTypeSpecific>
        <UnitTestRunConfig testTypeId="13cdc9d9-ddb5-4fa4-a97d-d965ccfc6d4b">
          <AssemblyResolution>
            <TestDirectory useLoadContext="true" />
          </AssemblyResolution>
        </UnitTestRunConfig>
        <WebTestRunConfiguration testTypeId="4e7599fa-5ecb-43e9-a887-cd63cf72d207">
          <Browser name="Internet Explorer 7.0">
            <Headers>
              <Header name="User-Agent" value="Mozilla/4.0 (compatible; MSIE 7.0; Windows NT 5.1)" />
              <Header name="Accept" value="*/*" />
              <Header name="Accept-Language" value="{{$IEAcceptLanguage}}" />
              <Header name="Accept-Encoding" value="GZIP" />
            </Headers>
          </Browser>
        </WebTestRunConfiguration>
      </TestTypeSpecific>
      <AgentRule name="LocalMachineDefaultRole">
      </AgentRule>
    </Execution>
  </TestSettings>
  <Times creation="2015-10-08T12:19:30.2668747+05:30" queuing="2015-10-08T12:19:30.3448748+05:30" start="2015-10-08T12:19:30.3448748+05:30" finish="2015-10-08T12:19:30.5008751+05:30" />
  <ResultSummary outcome="Completed">
    <Counters total="4" executed="4" passed="4" error="0" failed="0" timeout="0" aborted="0" inconclusive="0" passedButRunAborted="0" notRunnable="0" notExecuted="0" disconnected="0" warning="0" completed="0" inProgress="0" pending="0" />
  </ResultSummary>
  <TestDefinitions>
    <UnitTest name="TestIfUserNameShouldBeGreaterThan8" storage="c:\wells fargo\git\tddapp\tddday3authservicetests\bin\debug\tddday3authservicetests.dll" id="b1ce1113-cd53-b685-c41f-160138355239">
      <Execution id="8eeb9d6d-2cd1-4d35-9c99-8ece602b4ac2" />
      <TestMethod codeBase="C:/wells Fargo/Git/TddApp/TddDay3AuthServiceTests/bin/Debug/TddDay3AuthServiceTests.DLL" adapterTypeName="Microsoft.VisualStudio.TestTools.TestTypes.Unit.UnitTestAdapter, Microsoft.VisualStudio.QualityTools.Tips.UnitTest.Adapter, Version=10.0.0.0, Culture=neutral, PublicKeyToken=b03f5f7f11d50a3a" className="TddDay3AuthServiceTests.UserTests, TddDay3AuthServiceTests, Version=1.0.0.0, Culture=neutral, PublicKeyToken=null" name="TestIfUserNameShouldBeGreaterThan8" />
    </UnitTest>
    <UnitTest name="TestIfUserAcceptsUserNameShouldBeLessThan10" storage="c:\wells fargo\git\tddapp\tddday3authservicetests\bin\debug\tddday3authservicetests.dll" id="bb824667-b086-dc7e-b579-864d082c0259">
      <Execution id="8df2b10a-ab6a-471e-b0fb-50e404b7b840" />
      <TestMethod codeBase="C:/wells Fargo/Git/TddApp/TddDay3AuthServiceTests/bin/Debug/TddDay3AuthServiceTests.DLL" adapterTypeName="Microsoft.VisualStudio.TestTools.TestTypes.Unit.UnitTestAdapter, Microsoft.VisualStudio.QualityTools.Tips.UnitTest.Adapter, Version=10.0.0.0, Culture=neutral, PublicKeyToken=b03f5f7f11d50a3a" className="TddDay3AuthServiceTests.UserTests, TddDay3AuthServiceTests, Version=1.0.0.0, Culture=neutral, PublicKeyToken=null" name="TestIfUserAcceptsUserNameShouldBeLessThan10" />
    </UnitTest>
    <UnitTest name="TestIfPasswordShouldBeGreaterThan4" storage="c:\wells fargo\git\tddapp\tddday3authservicetests\bin\debug\tddday3authservicetests.dll" id="9dd4ea43-fef2-c7b7-a959-e96e602dd556">
      <Execution id="5ae1d040-9109-48a0-bd4f-a3fcc1a3b460" />
      <TestMethod codeBase="C:/wells Fargo/Git/TddApp/TddDay3AuthServiceTests/bin/Debug/TddDay3AuthServiceTests.DLL" adapterTypeName="Microsoft.VisualStudio.TestTools.TestTypes.Unit.UnitTestAdapter, Microsoft.VisualStudio.QualityTools.Tips.UnitTest.Adapter, Version=10.0.0.0, Culture=neutral, PublicKeyToken=b03f5f7f11d50a3a" className="TddDay3AuthServiceTests.UserTests, TddDay3AuthServiceTests, Version=1.0.0.0, Culture=neutral, PublicKeyToken=null" name="TestIfPasswordShouldBeGreaterThan4" />
    </UnitTest>
    <UnitTest name="TestIfPasswordShouldBeLessThan6" storage="c:\wells fargo\git\tddapp\tddday3authservicetests\bin\debug\tddday3authservicetests.dll" id="3e975d89-b60a-734a-8024-34a0039ed9e6">
      <Execution id="225892aa-c1f7-4933-ab67-343128421b0f" />
      <TestMethod codeBase="C:/wells Fargo/Git/TddApp/TddDay3AuthServiceTests/bin/Debug/TddDay3AuthServiceTests.DLL" adapterTypeName="Microsoft.VisualStudio.TestTools.TestTypes.Unit.UnitTestAdapter, Microsoft.VisualStudio.QualityTools.Tips.UnitTest.Adapter, Version=10.0.0.0, Culture=neutral, PublicKeyToken=b03f5f7f11d50a3a" className="TddDay3AuthServiceTests.UserTests, TddDay3AuthServiceTests, Version=1.0.0.0, Culture=neutral, PublicKeyToken=null" name="TestIfPasswordShouldBeLessThan6" />
    </UnitTest>
  </TestDefinitions>
  <TestLists>
    <TestList name="Results Not in a List" id="8c84fa94-04c1-424b-9868-57a2d4851a1d" />
    <TestList name="All Loaded Results" id="19431567-8539-422a-85d7-44ee4e166bda" />
  </TestLists>
  <TestEntries>
    <TestEntry testId="3e975d89-b60a-734a-8024-34a0039ed9e6" executionId="225892aa-c1f7-4933-ab67-343128421b0f" testListId="8c84fa94-04c1-424b-9868-57a2d4851a1d" />
    <TestEntry testId="9dd4ea43-fef2-c7b7-a959-e96e602dd556" executionId="5ae1d040-9109-48a0-bd4f-a3fcc1a3b460" testListId="8c84fa94-04c1-424b-9868-57a2d4851a1d" />
    <TestEntry testId="b1ce1113-cd53-b685-c41f-160138355239" executionId="8eeb9d6d-2cd1-4d35-9c99-8ece602b4ac2" testListId="8c84fa94-04c1-424b-9868-57a2d4851a1d" />
    <TestEntry testId="bb824667-b086-dc7e-b579-864d082c0259" executionId="8df2b10a-ab6a-471e-b0fb-50e404b7b840" testListId="8c84fa94-04c1-424b-9868-57a2d4851a1d" />
  </TestEntries>
  <Results>
    <UnitTestResult executionId="225892aa-c1f7-4933-ab67-343128421b0f" testId="3e975d89-b60a-734a-8024-34a0039ed9e6" testName="TestIfPasswordShouldBeLessThan6" computerName="ADMIN-PC" duration="00:00:00.0125311" startTime="2015-10-08T12:19:30.3448748+05:30" endTime="2015-10-08T12:19:30.4696750+05:30" testType="13cdc9d9-ddb5-4fa4-a97d-d965ccfc6d4b" outcome="Passed" testListId="8c84fa94-04c1-424b-9868-57a2d4851a1d" relativeResultsDirectory="225892aa-c1f7-4933-ab67-343128421b0f">
    </UnitTestResult>
    <UnitTestResult executionId="5ae1d040-9109-48a0-bd4f-a3fcc1a3b460" testId="9dd4ea43-fef2-c7b7-a959-e96e602dd556" testName="TestIfPasswordShouldBeGreaterThan4" computerName="ADMIN-PC" duration="00:00:00.0003928" startTime="2015-10-08T12:19:30.4696750+05:30" endTime="2015-10-08T12:19:30.4696750+05:30" testType="13cdc9d9-ddb5-4fa4-a97d-d965ccfc6d4b" outcome="Passed" testListId="8c84fa94-04c1-424b-9868-57a2d4851a1d" relativeResultsDirectory="5ae1d040-9109-48a0-bd4f-a3fcc1a3b460">
    </UnitTestResult>
    <UnitTestResult executionId="8eeb9d6d-2cd1-4d35-9c99-8ece602b4ac2" testId="b1ce1113-cd53-b685-c41f-160138355239" testName="TestIfUserNameShouldBeGreaterThan8" computerName="ADMIN-PC" duration="00:00:00.0005054" startTime="2015-10-08T12:19:30.4852751+05:30" endTime="2015-10-08T12:19:30.4852751+05:30" testType="13cdc9d9-ddb5-4fa4-a97d-d965ccfc6d4b" outcome="Passed" testListId="8c84fa94-04c1-424b-9868-57a2d4851a1d" relativeResultsDirectory="8eeb9d6d-2cd1-4d35-9c99-8ece602b4ac2">
    </UnitTestResult>
    <UnitTestResult executionId="8df2b10a-ab6a-471e-b0fb-50e404b7b840" testId="bb824667-b086-dc7e-b579-864d082c0259" testName="TestIfUserAcceptsUserNameShouldBeLessThan10" computerName="ADMIN-PC" duration="00:00:00.0004128" startTime="2015-10-08T12:19:30.4852751+05:30" endTime="2015-10-08T12:19:30.4852751+05:30" testType="13cdc9d9-ddb5-4fa4-a97d-d965ccfc6d4b" outcome="Passed" testListId="8c84fa94-04c1-424b-9868-57a2d4851a1d" relativeResultsDirectory="8df2b10a-ab6a-471e-b0fb-50e404b7b840">
    </UnitTestResult>
  </Results>
</TestRun>