<?xml version="1.0" encoding="UTF-8"?>
<TestRun id="5dea2e32-18b9-46ce-923b-097161ad2f78" name="admin@ADMIN-PC 2015-10-06 15:46:34" runUser="admin-PC\admin" xmlns="http://microsoft.com/schemas/VisualStudio/TeamTest/2010">
  <TestSettings name="Local" id="b9d2b321-5f9b-451a-9232-0463233a7e35">
    <Description>These are default test settings for a local test run.</Description>
    <Deployment runDeploymentRoot="admin_ADMIN-PC 2015-10-06 15_46_34">
      <DeploymentItem filename="C:\Users\admin\Documents\Visual Studio 2010\Projects\TddApp\Problem_02\bin\Debug\Problem_02.dll" />
      <DeploymentItem filename="C:\Users\admin\Documents\Visual Studio 2010\Projects\TddApp\Problem_01\bin\Debug\Problem_01.exe" />
    </Deployment>
    <Execution>
      <TestTypeSpecific>
        <UnitTestRunConfig testTypeId="13cdc9d9-ddb5-4fa4-a97d-d965ccfc6d4b">
          <AssemblyResolution>
            <TestDirectory useLoadContext="true" />
          </AssemblyResolution>
        </UnitTestRunConfig>
        <WebTestRunConfiguration testTypeId="4e7599fa-5ecb-43e9-a887-cd63cf72d207">
          <Browser name="Internet Explorer 7.0">
            <Headers>
              <Header name="User-Agent" value="Mozilla/4.0 (compatible; MSIE 7.0; Windows NT 5.1)" />
              <Header name="Accept" value="*/*" />
              <Header name="Accept-Language" value="{{$IEAcceptLanguage}}" />
              <Header name="Accept-Encoding" value="GZIP" />
            </Headers>
          </Browser>
        </WebTestRunConfiguration>
      </TestTypeSpecific>
      <AgentRule name="LocalMachineDefaultRole">
        <DataCollectors>
          <DataCollector uri="datacollector://microsoft/CodeCoverage/1.0" assemblyQualifiedName="Microsoft.VisualStudio.TestTools.CodeCoverage.CoveragePlugIn, Microsoft.VisualStudio.QualityTools.Plugins.CodeCoverage, Version=10.0.0.0, Culture=neutral, PublicKeyToken=b03f5f7f11d50a3a" friendlyName="Code Coverage">
            <Configuration>
              <CodeCoverage xmlns="">
                <Regular>
                  <CodeCoverageItem binaryFile="C:\Users\admin\Documents\Visual Studio 2010\Projects\TddApp\Problem_02\bin\Debug\Problem_02.dll" pdbFile="C:\Users\admin\Documents\Visual Studio 2010\Projects\TddApp\Problem_02\bin\Debug\Problem_02.instr.pdb" instrumentInPlace="true" />
                </Regular>
              </CodeCoverage>
            </Configuration>
          </DataCollector>
        </DataCollectors>
      </AgentRule>
    </Execution>
  </TestSettings>
  <Times creation="2015-10-06T15:46:34.9613727+05:30" queuing="2015-10-06T15:46:35.0803795+05:30" start="2015-10-06T15:46:35.1133814+05:30" finish="2015-10-06T15:46:36.9324855+05:30" />
  <ResultSummary outcome="Completed">
    <Counters total="1" executed="1" passed="1" error="0" failed="0" timeout="0" aborted="0" inconclusive="0" passedButRunAborted="0" notRunnable="0" notExecuted="0" disconnected="0" warning="0" completed="0" inProgress="0" pending="0" />
    <ResultFiles>
      <ResultFile path="ADMIN-PC\data.coverage" />
    </ResultFiles>
  </ResultSummary>
  <TestDefinitions>
    <UnitTest name="CheckIfGameHasNotEndedInitial" storage="c:\users\admin\documents\visual studio 2010\projects\tddapp\tddtestproject\bin\debug\tddtestproject.dll" id="a64fb3be-0a63-85d4-2861-eb2a6c9c9224">
      <Execution id="148c23b5-c929-438f-b2e5-32e3a97aa96b" />
      <TestMethod codeBase="C:/Users/admin/Documents/Visual Studio 2010/Projects/TddApp/tddTestProject/bin/Debug/tddTestProject.DLL" adapterTypeName="Microsoft.VisualStudio.TestTools.TestTypes.Unit.UnitTestAdapter, Microsoft.VisualStudio.QualityTools.Tips.UnitTest.Adapter, Version=10.0.0.0, Culture=neutral, PublicKeyToken=b03f5f7f11d50a3a" className="tddTestProject.GuessGameEngineTests, tddTestProject, Version=1.0.0.0, Culture=neutral, PublicKeyToken=null" name="CheckIfGameHasNotEndedInitial" />
    </UnitTest>
  </TestDefinitions>
  <TestLists>
    <TestList name="Results Not in a List" id="8c84fa94-04c1-424b-9868-57a2d4851a1d" />
    <TestList name="All Loaded Results" id="19431567-8539-422a-85d7-44ee4e166bda" />
  </TestLists>
  <TestEntries>
    <TestEntry testId="a64fb3be-0a63-85d4-2861-eb2a6c9c9224" executionId="148c23b5-c929-438f-b2e5-32e3a97aa96b" testListId="8c84fa94-04c1-424b-9868-57a2d4851a1d" />
  </TestEntries>
  <Results>
    <UnitTestResult executionId="148c23b5-c929-438f-b2e5-32e3a97aa96b" testId="a64fb3be-0a63-85d4-2861-eb2a6c9c9224" testName="CheckIfGameHasNotEndedInitial" computerName="ADMIN-PC" duration="00:00:00.0155814" startTime="2015-10-06T15:46:35.5924088+05:30" endTime="2015-10-06T15:46:35.7354170+05:30" testType="13cdc9d9-ddb5-4fa4-a97d-d965ccfc6d4b" outcome="Passed" testListId="8c84fa94-04c1-424b-9868-57a2d4851a1d" relativeResultsDirectory="148c23b5-c929-438f-b2e5-32e3a97aa96b">
    </UnitTestResult>
  </Results>
</TestRun>