<?xml version="1.0" encoding="UTF-8"?>
<TestRun id="6747ed68-91c7-4e69-80e4-d20352d0cc7a" name="admin@ADMIN-PC 2015-10-08 12:16:36" runUser="admin-PC\admin" xmlns="http://microsoft.com/schemas/VisualStudio/TeamTest/2010">
  <TestSettings name="Local" id="b9d2b321-5f9b-451a-9232-0463233a7e35">
    <Description>These are default test settings for a local test run.</Description>
    <Deployment runDeploymentRoot="admin_ADMIN-PC 2015-10-08 12_16_36">
      <DeploymentItem filename="C:\wells Fargo\Git\TddApp\TddDay3AuthService\bin\Debug\TddDay3AuthService.dll" />
    </Deployment>
    <Execution>
      <TestTypeSpecific>
        <UnitTestRunConfig testTypeId="13cdc9d9-ddb5-4fa4-a97d-d965ccfc6d4b">
          <AssemblyResolution>
            <TestDirectory useLoadContext="true" />
          </AssemblyResolution>
        </UnitTestRunConfig>
        <WebTestRunConfiguration testTypeId="4e7599fa-5ecb-43e9-a887-cd63cf72d207">
          <Browser name="Internet Explorer 7.0">
            <Headers>
              <Header name="User-Agent" value="Mozilla/4.0 (compatible; MSIE 7.0; Windows NT 5.1)" />
              <Header name="Accept" value="*/*" />
              <Header name="Accept-Language" value="{{$IEAcceptLanguage}}" />
              <Header name="Accept-Encoding" value="GZIP" />
            </Headers>
          </Browser>
        </WebTestRunConfiguration>
      </TestTypeSpecific>
      <AgentRule name="LocalMachineDefaultRole">
      </AgentRule>
    </Execution>
  </TestSettings>
  <Times creation="2015-10-08T12:16:36.7804622+05:30" queuing="2015-10-08T12:16:36.8294650+05:30" start="2015-10-08T12:16:36.8344652+05:30" finish="2015-10-08T12:16:36.9704730+05:30" />
  <ResultSummary outcome="Completed">
    <Counters total="2" executed="2" passed="2" error="0" failed="0" timeout="0" aborted="0" inconclusive="0" passedButRunAborted="0" notRunnable="0" notExecuted="0" disconnected="0" warning="0" completed="0" inProgress="0" pending="0" />
  </ResultSummary>
  <TestDefinitions>
    <UnitTest name="TestIfUserNameShouldBeGreaterThan8" storage="c:\wells fargo\git\tddapp\tddday3authservicetests\bin\debug\tddday3authservicetests.dll" id="b1ce1113-cd53-b685-c41f-160138355239">
      <Execution id="3f1c5405-7d80-49b0-9c7e-253fed0a28c2" />
      <TestMethod codeBase="C:/wells Fargo/Git/TddApp/TddDay3AuthServiceTests/bin/Debug/TddDay3AuthServiceTests.DLL" adapterTypeName="Microsoft.VisualStudio.TestTools.TestTypes.Unit.UnitTestAdapter, Microsoft.VisualStudio.QualityTools.Tips.UnitTest.Adapter, Version=10.0.0.0, Culture=neutral, PublicKeyToken=b03f5f7f11d50a3a" className="TddDay3AuthServiceTests.UserTests, TddDay3AuthServiceTests, Version=1.0.0.0, Culture=neutral, PublicKeyToken=null" name="TestIfUserNameShouldBeGreaterThan8" />
    </UnitTest>
    <UnitTest name="TestIfUserAcceptsUserNameShouldBeLessThan10" storage="c:\wells fargo\git\tddapp\tddday3authservicetests\bin\debug\tddday3authservicetests.dll" id="bb824667-b086-dc7e-b579-864d082c0259">
      <Execution id="1e229e19-d5cd-41fa-9d7e-be9de9dab0bc" />
      <TestMethod codeBase="C:/wells Fargo/Git/TddApp/TddDay3AuthServiceTests/bin/Debug/TddDay3AuthServiceTests.DLL" adapterTypeName="Microsoft.VisualStudio.TestTools.TestTypes.Unit.UnitTestAdapter, Microsoft.VisualStudio.QualityTools.Tips.UnitTest.Adapter, Version=10.0.0.0, Culture=neutral, PublicKeyToken=b03f5f7f11d50a3a" className="TddDay3AuthServiceTests.UserTests, TddDay3AuthServiceTests, Version=1.0.0.0, Culture=neutral, PublicKeyToken=null" name="TestIfUserAcceptsUserNameShouldBeLessThan10" />
    </UnitTest>
  </TestDefinitions>
  <TestLists>
    <TestList name="Results Not in a List" id="8c84fa94-04c1-424b-9868-57a2d4851a1d" />
    <TestList name="All Loaded Results" id="19431567-8539-422a-85d7-44ee4e166bda" />
  </TestLists>
  <TestEntries>
    <TestEntry testId="b1ce1113-cd53-b685-c41f-160138355239" executionId="3f1c5405-7d80-49b0-9c7e-253fed0a28c2" testListId="8c84fa94-04c1-424b-9868-57a2d4851a1d" />
    <TestEntry testId="bb824667-b086-dc7e-b579-864d082c0259" executionId="1e229e19-d5cd-41fa-9d7e-be9de9dab0bc" testListId="8c84fa94-04c1-424b-9868-57a2d4851a1d" />
  </TestEntries>
  <Results>
    <UnitTestResult executionId="3f1c5405-7d80-49b0-9c7e-253fed0a28c2" testId="b1ce1113-cd53-b685-c41f-160138355239" testName="TestIfUserNameShouldBeGreaterThan8" computerName="ADMIN-PC" duration="00:00:00.0094521" startTime="2015-10-08T12:16:36.8354653+05:30" endTime="2015-10-08T12:16:36.9554722+05:30" testType="13cdc9d9-ddb5-4fa4-a97d-d965ccfc6d4b" outcome="Passed" testListId="8c84fa94-04c1-424b-9868-57a2d4851a1d" relativeResultsDirectory="3f1c5405-7d80-49b0-9c7e-253fed0a28c2">
    </UnitTestResult>
    <UnitTestResult executionId="1e229e19-d5cd-41fa-9d7e-be9de9dab0bc" testId="bb824667-b086-dc7e-b579-864d082c0259" testName="TestIfUserAcceptsUserNameShouldBeLessThan10" computerName="ADMIN-PC" duration="00:00:00.0004022" startTime="2015-10-08T12:16:36.9564722+05:30" endTime="2015-10-08T12:16:36.9594724+05:30" testType="13cdc9d9-ddb5-4fa4-a97d-d965ccfc6d4b" outcome="Passed" testListId="8c84fa94-04c1-424b-9868-57a2d4851a1d" relativeResultsDirectory="1e229e19-d5cd-41fa-9d7e-be9de9dab0bc">
    </UnitTestResult>
  </Results>
</TestRun>