<?xml version="1.0" encoding="UTF-8"?>
<TestRun id="1f5e02bc-1505-44dd-8981-5daa82809026" name="admin@ADMIN-PC 2015-10-08 12:32:15" runUser="admin-PC\admin" xmlns="http://microsoft.com/schemas/VisualStudio/TeamTest/2010">
  <TestSettings name="Local" id="b9d2b321-5f9b-451a-9232-0463233a7e35">
    <Description>These are default test settings for a local test run.</Description>
    <Deployment runDeploymentRoot="admin_ADMIN-PC 2015-10-08 12_32_15">
      <DeploymentItem filename="C:\wells Fargo\Git\TddApp\TddDay3AuthService\bin\Debug\TddDay3AuthService.dll" />
    </Deployment>
    <Execution>
      <TestTypeSpecific>
        <UnitTestRunConfig testTypeId="13cdc9d9-ddb5-4fa4-a97d-d965ccfc6d4b">
          <AssemblyResolution>
            <TestDirectory useLoadContext="true" />
          </AssemblyResolution>
        </UnitTestRunConfig>
        <WebTestRunConfiguration testTypeId="4e7599fa-5ecb-43e9-a887-cd63cf72d207">
          <Browser name="Internet Explorer 7.0">
            <Headers>
              <Header name="User-Agent" value="Mozilla/4.0 (compatible; MSIE 7.0; Windows NT 5.1)" />
              <Header name="Accept" value="*/*" />
              <Header name="Accept-Language" value="{{$IEAcceptLanguage}}" />
              <Header name="Accept-Encoding" value="GZIP" />
            </Headers>
          </Browser>
        </WebTestRunConfiguration>
      </TestTypeSpecific>
      <AgentRule name="LocalMachineDefaultRole">
      </AgentRule>
    </Execution>
  </TestSettings>
  <Times creation="2015-10-08T12:32:15.5955945+05:30" queuing="2015-10-08T12:32:15.6579946+05:30" start="2015-10-08T12:32:15.6579946+05:30" finish="2015-10-08T12:32:15.8451949+05:30" />
  <ResultSummary outcome="Failed">
    <Counters total="1" executed="1" error="0" failed="1" timeout="0" aborted="0" inconclusive="0" passedButRunAborted="0" notRunnable="0" notExecuted="0" disconnected="0" warning="0" passed="0" completed="0" inProgress="0" pending="0" />
  </ResultSummary>
  <TestDefinitions>
    <UnitTest name="TestWhetherServiceCanCreateUser" storage="c:\wells fargo\git\tddapp\tddday3authservicetests\bin\debug\tddday3authservicetests.dll" id="d7021d5a-955e-18bc-1604-40f717484e78">
      <Execution id="91f9f304-5b19-407b-985d-af0bd8544387" />
      <TestMethod codeBase="C:/wells Fargo/Git/TddApp/TddDay3AuthServiceTests/bin/Debug/TddDay3AuthServiceTests.DLL" adapterTypeName="Microsoft.VisualStudio.TestTools.TestTypes.Unit.UnitTestAdapter, Microsoft.VisualStudio.QualityTools.Tips.UnitTest.Adapter, Version=10.0.0.0, Culture=neutral, PublicKeyToken=b03f5f7f11d50a3a" className="TddDay3AuthServiceTests.AuthenticationServiceTests, TddDay3AuthServiceTests, Version=1.0.0.0, Culture=neutral, PublicKeyToken=null" name="TestWhetherServiceCanCreateUser" />
    </UnitTest>
  </TestDefinitions>
  <TestLists>
    <TestList name="Results Not in a List" id="8c84fa94-04c1-424b-9868-57a2d4851a1d" />
    <TestList name="All Loaded Results" id="19431567-8539-422a-85d7-44ee4e166bda" />
  </TestLists>
  <TestEntries>
    <TestEntry testId="d7021d5a-955e-18bc-1604-40f717484e78" executionId="91f9f304-5b19-407b-985d-af0bd8544387" testListId="8c84fa94-04c1-424b-9868-57a2d4851a1d" />
  </TestEntries>
  <Results>
    <UnitTestResult executionId="91f9f304-5b19-407b-985d-af0bd8544387" testId="d7021d5a-955e-18bc-1604-40f717484e78" testName="TestWhetherServiceCanCreateUser" computerName="ADMIN-PC" duration="00:00:00.0222704" startTime="2015-10-08T12:32:15.6891946+05:30" endTime="2015-10-08T12:32:15.8139948+05:30" testType="13cdc9d9-ddb5-4fa4-a97d-d965ccfc6d4b" outcome="Failed" testListId="8c84fa94-04c1-424b-9868-57a2d4851a1d" relativeResultsDirectory="91f9f304-5b19-407b-985d-af0bd8544387">
      <Output>
        <ErrorInfo>
          <Message>Test method TddDay3AuthServiceTests.AuthenticationServiceTests.TestWhetherServiceCanCreateUser threw exception: 
TddDay3AuthService.UserException: UserName length should be grear than 8 and less than 10</Message>
          <StackTrace>    at TddDay3AuthService.User.set_UserName(String value) in C:\wells Fargo\Git\TddApp\TddDay3AuthService\User.cs:line 25
   at TddDay3AuthServiceTests.AuthenticationServiceTests.TestWhetherServiceCanCreateUser() in C:\wells Fargo\Git\TddApp\TddDay3AuthServiceTests\AuthenticationServiceTests.cs:line 25
</StackTrace>
        </ErrorInfo>
      </Output>
    </UnitTestResult>
  </Results>
</TestRun>