<?xml version="1.0" encoding="UTF-8"?>
<TestRun id="e8996887-f49c-4210-b1e5-590b553e5dbc" name="admin@ADMIN-PC 2015-10-08 12:14:19" runUser="admin-PC\admin" xmlns="http://microsoft.com/schemas/VisualStudio/TeamTest/2010">
  <TestSettings name="Local" id="b9d2b321-5f9b-451a-9232-0463233a7e35">
    <Description>These are default test settings for a local test run.</Description>
    <Deployment runDeploymentRoot="admin_ADMIN-PC 2015-10-08 12_14_19">
      <DeploymentItem filename="C:\wells Fargo\Git\TddApp\TddDay3AuthService\bin\Debug\TddDay3AuthService.dll" />
    </Deployment>
    <Execution>
      <TestTypeSpecific>
        <UnitTestRunConfig testTypeId="13cdc9d9-ddb5-4fa4-a97d-d965ccfc6d4b">
          <AssemblyResolution>
            <TestDirectory useLoadContext="true" />
          </AssemblyResolution>
        </UnitTestRunConfig>
        <WebTestRunConfiguration testTypeId="4e7599fa-5ecb-43e9-a887-cd63cf72d207">
          <Browser name="Internet Explorer 7.0">
            <Headers>
              <Header name="User-Agent" value="Mozilla/4.0 (compatible; MSIE 7.0; Windows NT 5.1)" />
              <Header name="Accept" value="*/*" />
              <Header name="Accept-Language" value="{{$IEAcceptLanguage}}" />
              <Header name="Accept-Encoding" value="GZIP" />
            </Headers>
          </Browser>
        </WebTestRunConfiguration>
      </TestTypeSpecific>
      <AgentRule name="LocalMachineDefaultRole">
      </AgentRule>
    </Execution>
  </TestSettings>
  <Times creation="2015-10-08T12:14:19.7290994+05:30" queuing="2015-10-08T12:14:19.7681016+05:30" start="2015-10-08T12:14:19.7761021+05:30" finish="2015-10-08T12:14:19.9051095+05:30" />
  <ResultSummary outcome="Failed">
    <Counters total="2" executed="2" passed="1" error="0" failed="1" timeout="0" aborted="0" inconclusive="0" passedButRunAborted="0" notRunnable="0" notExecuted="0" disconnected="0" warning="0" completed="0" inProgress="0" pending="0" />
  </ResultSummary>
  <TestDefinitions>
    <UnitTest name="TestIfUserNameShouldBeGreaterThan8" storage="c:\wells fargo\git\tddapp\tddday3authservicetests\bin\debug\tddday3authservicetests.dll" id="b1ce1113-cd53-b685-c41f-160138355239">
      <Execution id="23cef7cd-01c9-4c8d-a2c1-767a2b9a8df8" />
      <TestMethod codeBase="C:/wells Fargo/Git/TddApp/TddDay3AuthServiceTests/bin/Debug/TddDay3AuthServiceTests.DLL" adapterTypeName="Microsoft.VisualStudio.TestTools.TestTypes.Unit.UnitTestAdapter, Microsoft.VisualStudio.QualityTools.Tips.UnitTest.Adapter, Version=10.0.0.0, Culture=neutral, PublicKeyToken=b03f5f7f11d50a3a" className="TddDay3AuthServiceTests.UserTests, TddDay3AuthServiceTests, Version=1.0.0.0, Culture=neutral, PublicKeyToken=null" name="TestIfUserNameShouldBeGreaterThan8" />
    </UnitTest>
    <UnitTest name="TestIfUserAcceptsUserNameShouldBeLessThan10" storage="c:\wells fargo\git\tddapp\tddday3authservicetests\bin\debug\tddday3authservicetests.dll" id="bb824667-b086-dc7e-b579-864d082c0259">
      <Execution id="34a58924-3222-4fb1-879a-238ecd8add73" />
      <TestMethod codeBase="C:/wells Fargo/Git/TddApp/TddDay3AuthServiceTests/bin/Debug/TddDay3AuthServiceTests.DLL" adapterTypeName="Microsoft.VisualStudio.TestTools.TestTypes.Unit.UnitTestAdapter, Microsoft.VisualStudio.QualityTools.Tips.UnitTest.Adapter, Version=10.0.0.0, Culture=neutral, PublicKeyToken=b03f5f7f11d50a3a" className="TddDay3AuthServiceTests.UserTests, TddDay3AuthServiceTests, Version=1.0.0.0, Culture=neutral, PublicKeyToken=null" name="TestIfUserAcceptsUserNameShouldBeLessThan10" />
    </UnitTest>
  </TestDefinitions>
  <TestLists>
    <TestList name="Results Not in a List" id="8c84fa94-04c1-424b-9868-57a2d4851a1d" />
    <TestList name="All Loaded Results" id="19431567-8539-422a-85d7-44ee4e166bda" />
  </TestLists>
  <TestEntries>
    <TestEntry testId="b1ce1113-cd53-b685-c41f-160138355239" executionId="23cef7cd-01c9-4c8d-a2c1-767a2b9a8df8" testListId="8c84fa94-04c1-424b-9868-57a2d4851a1d" />
    <TestEntry testId="bb824667-b086-dc7e-b579-864d082c0259" executionId="34a58924-3222-4fb1-879a-238ecd8add73" testListId="8c84fa94-04c1-424b-9868-57a2d4851a1d" />
  </TestEntries>
  <Results>
    <UnitTestResult executionId="23cef7cd-01c9-4c8d-a2c1-767a2b9a8df8" testId="b1ce1113-cd53-b685-c41f-160138355239" testName="TestIfUserNameShouldBeGreaterThan8" computerName="ADMIN-PC" duration="00:00:00.0095653" startTime="2015-10-08T12:14:19.7771021+05:30" endTime="2015-10-08T12:14:19.8841083+05:30" testType="13cdc9d9-ddb5-4fa4-a97d-d965ccfc6d4b" outcome="Passed" testListId="8c84fa94-04c1-424b-9868-57a2d4851a1d" relativeResultsDirectory="23cef7cd-01c9-4c8d-a2c1-767a2b9a8df8">
    </UnitTestResult>
    <UnitTestResult executionId="34a58924-3222-4fb1-879a-238ecd8add73" testId="bb824667-b086-dc7e-b579-864d082c0259" testName="TestIfUserAcceptsUserNameShouldBeLessThan10" computerName="ADMIN-PC" duration="00:00:00.0082410" startTime="2015-10-08T12:14:19.8851083+05:30" endTime="2015-10-08T12:14:19.8961089+05:30" testType="13cdc9d9-ddb5-4fa4-a97d-d965ccfc6d4b" outcome="Failed" testListId="8c84fa94-04c1-424b-9868-57a2d4851a1d" relativeResultsDirectory="34a58924-3222-4fb1-879a-238ecd8add73">
      <Output>
        <ErrorInfo>
          <Message>Test method TddDay3AuthServiceTests.UserTests.TestIfUserAcceptsUserNameShouldBeLessThan10 threw exception TddDay3AuthService.UserException, but exception System.Exception was expected. Exception message: TddDay3AuthService.UserException: Exception of type 'TddDay3AuthService.UserException' was thrown.</Message>
          <StackTrace>    at TddDay3AuthService.User.set_UserName(String value) in C:\wells Fargo\Git\TddApp\TddDay3AuthService\User.cs:line 26
   at TddDay3AuthServiceTests.UserTests.TestIfUserAcceptsUserNameShouldBeLessThan10() in C:\wells Fargo\Git\TddApp\TddDay3AuthServiceTests\UserTests.cs:line 37
</StackTrace>
        </ErrorInfo>
      </Output>
    </UnitTestResult>
  </Results>
</TestRun>