<?xml version="1.0" encoding="UTF-8"?>
<TestRun id="36834e89-a1ea-4d07-88f3-906a0890112e" name="admin@ADMIN-PC 2015-10-06 14:40:29" runUser="admin-PC\admin" xmlns="http://microsoft.com/schemas/VisualStudio/TeamTest/2010">
  <TestSettings name="Local" id="b9d2b321-5f9b-451a-9232-0463233a7e35">
    <Description>These are default test settings for a local test run.</Description>
    <Deployment enabled="false" runDeploymentRoot="admin_ADMIN-PC 2015-10-06 14_40_29">
      <DeploymentItem filename="C:\Users\admin\Documents\Visual Studio 2010\Projects\TddApp\Problem_02\bin\Debug\Problem_02.dll" />
      <DeploymentItem filename="C:\Users\admin\Documents\Visual Studio 2010\Projects\TddApp\Problem_01\bin\Debug\Problem_01.exe" />
    </Deployment>
    <Execution>
      <TestTypeSpecific />
      <AgentRule name="Execution Agents">
      </AgentRule>
    </Execution>
  </TestSettings>
  <Times creation="2015-10-06T14:40:29.0585360+05:30" queuing="2015-10-06T14:40:29.0705367+05:30" start="2015-10-06T14:40:29.0785372+05:30" finish="2015-10-06T14:40:29.2445467+05:30" />
  <ResultSummary outcome="Failed">
    <Counters total="8" executed="8" passed="7" error="0" failed="1" timeout="0" aborted="0" inconclusive="0" passedButRunAborted="0" notRunnable="0" notExecuted="0" disconnected="0" warning="0" completed="0" inProgress="0" pending="0" />
  </ResultSummary>
  <TestDefinitions>
    <UnitTest name="CheckIfGameStartedTwiceThrowException" storage="c:\users\admin\documents\visual studio 2010\projects\tddapp\tddtestproject\bin\debug\tddtestproject.dll" id="0c08ab89-e6ea-2cb7-4159-36b5ffdf0e3b">
      <Execution id="1cf06007-9c4d-4f7f-bebe-424c1503e747" />
      <TestMethod codeBase="C:/Users/admin/Documents/Visual Studio 2010/Projects/TddApp/tddTestProject/bin/Debug/tddTestProject.DLL" adapterTypeName="Microsoft.VisualStudio.TestTools.TestTypes.Unit.UnitTestAdapter, Microsoft.VisualStudio.QualityTools.Tips.UnitTest.Adapter, Version=10.0.0.0, Culture=neutral, PublicKeyToken=b03f5f7f11d50a3a" className="tddTestProject.GuessGameEngineTests, tddTestProject, Version=1.0.0.0, Culture=neutral, PublicKeyToken=null" name="CheckIfGameStartedTwiceThrowException" />
    </UnitTest>
    <UnitTest name="TestIfStartPointExists" storage="c:\users\admin\documents\visual studio 2010\projects\tddapp\tddtestproject\bin\debug\tddtestproject.dll" id="a0397980-a34e-a1f3-d25a-b14275332670">
      <Execution id="a6ae7c0c-f3f6-4713-a4f8-a73883a0da56" />
      <TestMethod codeBase="C:/Users/admin/Documents/Visual Studio 2010/Projects/TddApp/tddTestProject/bin/Debug/tddTestProject.DLL" adapterTypeName="Microsoft.VisualStudio.TestTools.TestTypes.Unit.UnitTestAdapter, Microsoft.VisualStudio.QualityTools.Tips.UnitTest.Adapter, Version=10.0.0.0, Culture=neutral, PublicKeyToken=b03f5f7f11d50a3a" className="tddTestProject.RandomGeneratorTest, tddTestProject, Version=1.0.0.0, Culture=neutral, PublicKeyToken=null" name="TestIfStartPointExists" />
    </UnitTest>
    <UnitTest name="CheckAttemptsAreCorrect" storage="c:\users\admin\documents\visual studio 2010\projects\tddapp\tddtestproject\bin\debug\tddtestproject.dll" id="628db3ed-4833-0202-b315-6483646c2ec3">
      <Execution id="16d92af1-59ae-42c4-8415-7cfa4ad31905" />
      <TestMethod codeBase="C:/Users/admin/Documents/Visual Studio 2010/Projects/TddApp/tddTestProject/bin/Debug/tddTestProject.DLL" adapterTypeName="Microsoft.VisualStudio.TestTools.TestTypes.Unit.UnitTestAdapter, Microsoft.VisualStudio.QualityTools.Tips.UnitTest.Adapter, Version=10.0.0.0, Culture=neutral, PublicKeyToken=b03f5f7f11d50a3a" className="tddTestProject.GuessGameEngineTests, tddTestProject, Version=1.0.0.0, Culture=neutral, PublicKeyToken=null" name="CheckAttemptsAreCorrect" />
    </UnitTest>
    <UnitTest name="TestIfEndPointExists" storage="c:\users\admin\documents\visual studio 2010\projects\tddapp\tddtestproject\bin\debug\tddtestproject.dll" id="7854da99-1ae1-56fd-feed-cdb33e663f74">
      <Execution id="6b047fda-a3a2-4dea-8adb-49d7bc9c6ab1" />
      <TestMethod codeBase="C:/Users/admin/Documents/Visual Studio 2010/Projects/TddApp/tddTestProject/bin/Debug/tddTestProject.DLL" adapterTypeName="Microsoft.VisualStudio.TestTools.TestTypes.Unit.UnitTestAdapter, Microsoft.VisualStudio.QualityTools.Tips.UnitTest.Adapter, Version=10.0.0.0, Culture=neutral, PublicKeyToken=b03f5f7f11d50a3a" className="tddTestProject.RandomGeneratorTest, tddTestProject, Version=1.0.0.0, Culture=neutral, PublicKeyToken=null" name="TestIfEndPointExists" />
    </UnitTest>
    <UnitTest name="CheckIfGameStarted" storage="c:\users\admin\documents\visual studio 2010\projects\tddapp\tddtestproject\bin\debug\tddtestproject.dll" id="54fcba90-3918-7879-c61d-d9bb244cac0a">
      <Execution id="731fd200-3f08-4730-8512-6e267ce94b30" />
      <TestMethod codeBase="C:/Users/admin/Documents/Visual Studio 2010/Projects/TddApp/tddTestProject/bin/Debug/tddTestProject.DLL" adapterTypeName="Microsoft.VisualStudio.TestTools.TestTypes.Unit.UnitTestAdapter, Microsoft.VisualStudio.QualityTools.Tips.UnitTest.Adapter, Version=10.0.0.0, Culture=neutral, PublicKeyToken=b03f5f7f11d50a3a" className="tddTestProject.GuessGameEngineTests, tddTestProject, Version=1.0.0.0, Culture=neutral, PublicKeyToken=null" name="CheckIfGameStarted" />
    </UnitTest>
    <UnitTest name="IfNumberLessThanRandomNumberReturnAimHigher" storage="c:\users\admin\documents\visual studio 2010\projects\tddapp\tddtestproject\bin\debug\tddtestproject.dll" id="3497b25c-7382-50b8-8b2e-7a9c42e0166d">
      <Execution id="de80a486-e502-4ff8-846d-7dbf6d147224" />
      <TestMethod codeBase="C:/Users/admin/Documents/Visual Studio 2010/Projects/TddApp/tddTestProject/bin/Debug/tddTestProject.DLL" adapterTypeName="Microsoft.VisualStudio.TestTools.TestTypes.Unit.UnitTestAdapter, Microsoft.VisualStudio.QualityTools.Tips.UnitTest.Adapter, Version=10.0.0.0, Culture=neutral, PublicKeyToken=b03f5f7f11d50a3a" className="tddTestProject.GuessGameEngineTests, tddTestProject, Version=1.0.0.0, Culture=neutral, PublicKeyToken=null" name="IfNumberLessThanRandomNumberReturnAimHigher" />
    </UnitTest>
    <UnitTest name="TestVerifyNumberWithinStartAndEndPoint" storage="c:\users\admin\documents\visual studio 2010\projects\tddapp\tddtestproject\bin\debug\tddtestproject.dll" id="def8db2d-822f-af11-199b-3976d4144a7b">
      <Execution id="e6897df7-390b-4e05-a412-973b1c55e7a6" />
      <TestMethod codeBase="C:/Users/admin/Documents/Visual Studio 2010/Projects/TddApp/tddTestProject/bin/Debug/tddTestProject.DLL" adapterTypeName="Microsoft.VisualStudio.TestTools.TestTypes.Unit.UnitTestAdapter, Microsoft.VisualStudio.QualityTools.Tips.UnitTest.Adapter, Version=10.0.0.0, Culture=neutral, PublicKeyToken=b03f5f7f11d50a3a" className="tddTestProject.RandomGeneratorTest, tddTestProject, Version=1.0.0.0, Culture=neutral, PublicKeyToken=null" name="TestVerifyNumberWithinStartAndEndPoint" />
    </UnitTest>
    <UnitTest name="IfNumberHigherThanRandomNumberReturnAimLower" storage="c:\users\admin\documents\visual studio 2010\projects\tddapp\tddtestproject\bin\debug\tddtestproject.dll" id="cc3055af-326a-4e81-0090-c61bcc7096d2">
      <Execution id="d564cc72-f892-4878-a14f-30bd462d1781" />
      <TestMethod codeBase="C:/Users/admin/Documents/Visual Studio 2010/Projects/TddApp/tddTestProject/bin/Debug/tddTestProject.DLL" adapterTypeName="Microsoft.VisualStudio.TestTools.TestTypes.Unit.UnitTestAdapter, Microsoft.VisualStudio.QualityTools.Tips.UnitTest.Adapter, Version=10.0.0.0, Culture=neutral, PublicKeyToken=b03f5f7f11d50a3a" className="tddTestProject.GuessGameEngineTests, tddTestProject, Version=1.0.0.0, Culture=neutral, PublicKeyToken=null" name="IfNumberHigherThanRandomNumberReturnAimLower" />
    </UnitTest>
  </TestDefinitions>
  <TestLists>
    <TestList name="Results Not in a List" id="8c84fa94-04c1-424b-9868-57a2d4851a1d" />
    <TestList name="All Loaded Results" id="19431567-8539-422a-85d7-44ee4e166bda" />
  </TestLists>
  <TestEntries>
    <TestEntry testId="0c08ab89-e6ea-2cb7-4159-36b5ffdf0e3b" executionId="1cf06007-9c4d-4f7f-bebe-424c1503e747" testListId="8c84fa94-04c1-424b-9868-57a2d4851a1d" />
    <TestEntry testId="3497b25c-7382-50b8-8b2e-7a9c42e0166d" executionId="de80a486-e502-4ff8-846d-7dbf6d147224" testListId="8c84fa94-04c1-424b-9868-57a2d4851a1d" />
    <TestEntry testId="54fcba90-3918-7879-c61d-d9bb244cac0a" executionId="731fd200-3f08-4730-8512-6e267ce94b30" testListId="8c84fa94-04c1-424b-9868-57a2d4851a1d" />
    <TestEntry testId="628db3ed-4833-0202-b315-6483646c2ec3" executionId="16d92af1-59ae-42c4-8415-7cfa4ad31905" testListId="8c84fa94-04c1-424b-9868-57a2d4851a1d" />
    <TestEntry testId="7854da99-1ae1-56fd-feed-cdb33e663f74" executionId="6b047fda-a3a2-4dea-8adb-49d7bc9c6ab1" testListId="8c84fa94-04c1-424b-9868-57a2d4851a1d" />
    <TestEntry testId="a0397980-a34e-a1f3-d25a-b14275332670" executionId="a6ae7c0c-f3f6-4713-a4f8-a73883a0da56" testListId="8c84fa94-04c1-424b-9868-57a2d4851a1d" />
    <TestEntry testId="cc3055af-326a-4e81-0090-c61bcc7096d2" executionId="d564cc72-f892-4878-a14f-30bd462d1781" testListId="8c84fa94-04c1-424b-9868-57a2d4851a1d" />
    <TestEntry testId="def8db2d-822f-af11-199b-3976d4144a7b" executionId="e6897df7-390b-4e05-a412-973b1c55e7a6" testListId="8c84fa94-04c1-424b-9868-57a2d4851a1d" />
  </TestEntries>
  <Results>
    <UnitTestResult executionId="1cf06007-9c4d-4f7f-bebe-424c1503e747" testId="0c08ab89-e6ea-2cb7-4159-36b5ffdf0e3b" testName="CheckIfGameStartedTwiceThrowException" computerName="ADMIN-PC" duration="00:00:00.0083553" startTime="2015-10-06T14:40:29.0795372+05:30" endTime="2015-10-06T14:40:29.1975440+05:30" testType="13cdc9d9-ddb5-4fa4-a97d-d965ccfc6d4b" outcome="Passed" testListId="8c84fa94-04c1-424b-9868-57a2d4851a1d" relativeResultsDirectory="1cf06007-9c4d-4f7f-bebe-424c1503e747">
    </UnitTestResult>
    <UnitTestResult executionId="de80a486-e502-4ff8-846d-7dbf6d147224" testId="3497b25c-7382-50b8-8b2e-7a9c42e0166d" testName="IfNumberLessThanRandomNumberReturnAimHigher" computerName="ADMIN-PC" duration="00:00:00.0007232" startTime="2015-10-06T14:40:29.1985441+05:30" endTime="2015-10-06T14:40:29.2015442+05:30" testType="13cdc9d9-ddb5-4fa4-a97d-d965ccfc6d4b" outcome="Passed" testListId="8c84fa94-04c1-424b-9868-57a2d4851a1d" relativeResultsDirectory="de80a486-e502-4ff8-846d-7dbf6d147224">
    </UnitTestResult>
    <UnitTestResult executionId="731fd200-3f08-4730-8512-6e267ce94b30" testId="54fcba90-3918-7879-c61d-d9bb244cac0a" testName="CheckIfGameStarted" computerName="ADMIN-PC" duration="00:00:00.0001271" startTime="2015-10-06T14:40:29.2025443+05:30" endTime="2015-10-06T14:40:29.2055445+05:30" testType="13cdc9d9-ddb5-4fa4-a97d-d965ccfc6d4b" outcome="Passed" testListId="8c84fa94-04c1-424b-9868-57a2d4851a1d" relativeResultsDirectory="731fd200-3f08-4730-8512-6e267ce94b30">
    </UnitTestResult>
    <UnitTestResult executionId="16d92af1-59ae-42c4-8415-7cfa4ad31905" testId="628db3ed-4833-0202-b315-6483646c2ec3" testName="CheckAttemptsAreCorrect" computerName="ADMIN-PC" duration="00:00:00.0089982" startTime="2015-10-06T14:40:29.2065445+05:30" endTime="2015-10-06T14:40:29.2185452+05:30" testType="13cdc9d9-ddb5-4fa4-a97d-d965ccfc6d4b" outcome="Failed" testListId="8c84fa94-04c1-424b-9868-57a2d4851a1d" relativeResultsDirectory="16d92af1-59ae-42c4-8415-7cfa4ad31905">
      <Output>
        <ErrorInfo>
          <Message>Assert.AreEqual failed. Expected:&lt;(null)&gt;. Actual:&lt;2&gt;. </Message>
          <StackTrace>   at tddTestProject.GuessGameEngineTests.CheckAttemptsAreCorrect() in C:\Users\admin\Documents\Visual Studio 2010\Projects\TddApp\tddTestProject\GuessGameEngineTests.cs:line 91
</StackTrace>
        </ErrorInfo>
      </Output>
    </UnitTestResult>
    <UnitTestResult executionId="6b047fda-a3a2-4dea-8adb-49d7bc9c6ab1" testId="7854da99-1ae1-56fd-feed-cdb33e663f74" testName="TestIfEndPointExists" computerName="ADMIN-PC" duration="00:00:00.0002238" startTime="2015-10-06T14:40:29.2195453+05:30" endTime="2015-10-06T14:40:29.2225454+05:30" testType="13cdc9d9-ddb5-4fa4-a97d-d965ccfc6d4b" outcome="Passed" testListId="8c84fa94-04c1-424b-9868-57a2d4851a1d" relativeResultsDirectory="6b047fda-a3a2-4dea-8adb-49d7bc9c6ab1">
    </UnitTestResult>
    <UnitTestResult executionId="a6ae7c0c-f3f6-4713-a4f8-a73883a0da56" testId="a0397980-a34e-a1f3-d25a-b14275332670" testName="TestIfStartPointExists" computerName="ADMIN-PC" duration="00:00:00.0001428" startTime="2015-10-06T14:40:29.2235455+05:30" endTime="2015-10-06T14:40:29.2255456+05:30" testType="13cdc9d9-ddb5-4fa4-a97d-d965ccfc6d4b" outcome="Passed" testListId="8c84fa94-04c1-424b-9868-57a2d4851a1d" relativeResultsDirectory="a6ae7c0c-f3f6-4713-a4f8-a73883a0da56">
    </UnitTestResult>
    <UnitTestResult executionId="d564cc72-f892-4878-a14f-30bd462d1781" testId="cc3055af-326a-4e81-0090-c61bcc7096d2" testName="IfNumberHigherThanRandomNumberReturnAimLower" computerName="ADMIN-PC" duration="00:00:00.0002580" startTime="2015-10-06T14:40:29.2265457+05:30" endTime="2015-10-06T14:40:29.2295458+05:30" testType="13cdc9d9-ddb5-4fa4-a97d-d965ccfc6d4b" outcome="Passed" testListId="8c84fa94-04c1-424b-9868-57a2d4851a1d" relativeResultsDirectory="d564cc72-f892-4878-a14f-30bd462d1781">
    </UnitTestResult>
    <UnitTestResult executionId="e6897df7-390b-4e05-a412-973b1c55e7a6" testId="def8db2d-822f-af11-199b-3976d4144a7b" testName="TestVerifyNumberWithinStartAndEndPoint" computerName="ADMIN-PC" duration="00:00:00.0001790" startTime="2015-10-06T14:40:29.2305459+05:30" endTime="2015-10-06T14:40:29.2335461+05:30" testType="13cdc9d9-ddb5-4fa4-a97d-d965ccfc6d4b" outcome="Passed" testListId="8c84fa94-04c1-424b-9868-57a2d4851a1d" relativeResultsDirectory="e6897df7-390b-4e05-a412-973b1c55e7a6">
    </UnitTestResult>
  </Results>
</TestRun>