<?xml version="1.0" encoding="UTF-8"?>
<TestRun id="72c60f1d-bc3d-4f3d-a419-0eb7c2d59a02" name="admin@ADMIN-PC 2015-10-06 15:03:49" runUser="admin-PC\admin" xmlns="http://microsoft.com/schemas/VisualStudio/TeamTest/2010">
  <TestSettings name="Local" id="b9d2b321-5f9b-451a-9232-0463233a7e35">
    <Description>These are default test settings for a local test run.</Description>
    <Deployment runDeploymentRoot="admin_ADMIN-PC 2015-10-06 15_03_49">
      <DeploymentItem filename="C:\Users\admin\Documents\Visual Studio 2010\Projects\TddApp\Problem_02\bin\Debug\Problem_02.dll" />
      <DeploymentItem filename="C:\Users\admin\Documents\Visual Studio 2010\Projects\TddApp\Problem_01\bin\Debug\Problem_01.exe" />
    </Deployment>
    <Execution>
      <TestTypeSpecific>
        <UnitTestRunConfig testTypeId="13cdc9d9-ddb5-4fa4-a97d-d965ccfc6d4b">
          <AssemblyResolution>
            <TestDirectory useLoadContext="true" />
          </AssemblyResolution>
        </UnitTestRunConfig>
        <WebTestRunConfiguration testTypeId="4e7599fa-5ecb-43e9-a887-cd63cf72d207">
          <Browser name="Internet Explorer 7.0">
            <Headers>
              <Header name="User-Agent" value="Mozilla/4.0 (compatible; MSIE 7.0; Windows NT 5.1)" />
              <Header name="Accept" value="*/*" />
              <Header name="Accept-Language" value="{{$IEAcceptLanguage}}" />
              <Header name="Accept-Encoding" value="GZIP" />
            </Headers>
          </Browser>
        </WebTestRunConfiguration>
      </TestTypeSpecific>
      <AgentRule name="LocalMachineDefaultRole">
        <DataCollectors>
          <DataCollector uri="datacollector://microsoft/CodeCoverage/1.0" assemblyQualifiedName="Microsoft.VisualStudio.TestTools.CodeCoverage.CoveragePlugIn, Microsoft.VisualStudio.QualityTools.Plugins.CodeCoverage, Version=10.0.0.0, Culture=neutral, PublicKeyToken=b03f5f7f11d50a3a" friendlyName="Code Coverage">
            <Configuration>
              <CodeCoverage xmlns="">
                <Regular>
                  <CodeCoverageItem binaryFile="C:\Users\admin\Documents\Visual Studio 2010\Projects\TddApp\Problem_02\bin\Debug\Problem_02.dll" pdbFile="C:\Users\admin\Documents\Visual Studio 2010\Projects\TddApp\Problem_02\bin\Debug\Problem_02.instr.pdb" instrumentInPlace="true" />
                </Regular>
              </CodeCoverage>
            </Configuration>
          </DataCollector>
        </DataCollectors>
      </AgentRule>
    </Execution>
  </TestSettings>
  <Times creation="2015-10-06T15:03:49.8846587+05:30" queuing="2015-10-06T15:03:50.0206665+05:30" start="2015-10-06T15:03:50.0426678+05:30" finish="2015-10-06T15:03:52.3568001+05:30" />
  <ResultSummary outcome="Completed">
    <Counters total="11" executed="11" passed="11" error="0" failed="0" timeout="0" aborted="0" inconclusive="0" passedButRunAborted="0" notRunnable="0" notExecuted="0" disconnected="0" warning="0" completed="0" inProgress="0" pending="0" />
    <ResultFiles>
      <ResultFile path="ADMIN-PC\data.coverage" />
    </ResultFiles>
  </ResultSummary>
  <TestDefinitions>
    <UnitTest name="CheckIfGameStartedTwiceThrowException" storage="c:\users\admin\documents\visual studio 2010\projects\tddapp\tddtestproject\bin\debug\tddtestproject.dll" id="0c08ab89-e6ea-2cb7-4159-36b5ffdf0e3b">
      <Execution id="53d36e54-7018-45e2-a929-17a4cb70ab9a" />
      <TestMethod codeBase="C:/Users/admin/Documents/Visual Studio 2010/Projects/TddApp/tddTestProject/bin/Debug/tddTestProject.DLL" adapterTypeName="Microsoft.VisualStudio.TestTools.TestTypes.Unit.UnitTestAdapter, Microsoft.VisualStudio.QualityTools.Tips.UnitTest.Adapter, Version=10.0.0.0, Culture=neutral, PublicKeyToken=b03f5f7f11d50a3a" className="tddTestProject.GuessGameEngineTests, tddTestProject, Version=1.0.0.0, Culture=neutral, PublicKeyToken=null" name="CheckIfGameStartedTwiceThrowException" />
    </UnitTest>
    <UnitTest name="TestIfStartPointExists" storage="c:\users\admin\documents\visual studio 2010\projects\tddapp\tddtestproject\bin\debug\tddtestproject.dll" id="a0397980-a34e-a1f3-d25a-b14275332670">
      <Execution id="8187409e-fdd3-4601-9fad-2310e12a0145" />
      <TestMethod codeBase="C:/Users/admin/Documents/Visual Studio 2010/Projects/TddApp/tddTestProject/bin/Debug/tddTestProject.DLL" adapterTypeName="Microsoft.VisualStudio.TestTools.TestTypes.Unit.UnitTestAdapter, Microsoft.VisualStudio.QualityTools.Tips.UnitTest.Adapter, Version=10.0.0.0, Culture=neutral, PublicKeyToken=b03f5f7f11d50a3a" className="tddTestProject.RandomGeneratorTest, tddTestProject, Version=1.0.0.0, Culture=neutral, PublicKeyToken=null" name="TestIfStartPointExists" />
    </UnitTest>
    <UnitTest name="CheckAttemptsAreCorrect" storage="c:\users\admin\documents\visual studio 2010\projects\tddapp\tddtestproject\bin\debug\tddtestproject.dll" id="628db3ed-4833-0202-b315-6483646c2ec3">
      <Execution id="586f9e6b-78b1-4263-bd84-7e2125a14fde" />
      <TestMethod codeBase="C:/Users/admin/Documents/Visual Studio 2010/Projects/TddApp/tddTestProject/bin/Debug/tddTestProject.DLL" adapterTypeName="Microsoft.VisualStudio.TestTools.TestTypes.Unit.UnitTestAdapter, Microsoft.VisualStudio.QualityTools.Tips.UnitTest.Adapter, Version=10.0.0.0, Culture=neutral, PublicKeyToken=b03f5f7f11d50a3a" className="tddTestProject.GuessGameEngineTests, tddTestProject, Version=1.0.0.0, Culture=neutral, PublicKeyToken=null" name="CheckAttemptsAreCorrect" />
    </UnitTest>
    <UnitTest name="TestIfEndPointExists" storage="c:\users\admin\documents\visual studio 2010\projects\tddapp\tddtestproject\bin\debug\tddtestproject.dll" id="7854da99-1ae1-56fd-feed-cdb33e663f74">
      <Execution id="659e76cc-1870-4f7a-98c8-ce04742864c8" />
      <TestMethod codeBase="C:/Users/admin/Documents/Visual Studio 2010/Projects/TddApp/tddTestProject/bin/Debug/tddTestProject.DLL" adapterTypeName="Microsoft.VisualStudio.TestTools.TestTypes.Unit.UnitTestAdapter, Microsoft.VisualStudio.QualityTools.Tips.UnitTest.Adapter, Version=10.0.0.0, Culture=neutral, PublicKeyToken=b03f5f7f11d50a3a" className="tddTestProject.RandomGeneratorTest, tddTestProject, Version=1.0.0.0, Culture=neutral, PublicKeyToken=null" name="TestIfEndPointExists" />
    </UnitTest>
    <UnitTest name="CheckIfGameHasNotEndedInitial" storage="c:\users\admin\documents\visual studio 2010\projects\tddapp\tddtestproject\bin\debug\tddtestproject.dll" id="a64fb3be-0a63-85d4-2861-eb2a6c9c9224">
      <Execution id="c1d013d1-4596-4226-8360-fc5dae3b34ca" />
      <TestMethod codeBase="C:/Users/admin/Documents/Visual Studio 2010/Projects/TddApp/tddTestProject/bin/Debug/tddTestProject.DLL" adapterTypeName="Microsoft.VisualStudio.TestTools.TestTypes.Unit.UnitTestAdapter, Microsoft.VisualStudio.QualityTools.Tips.UnitTest.Adapter, Version=10.0.0.0, Culture=neutral, PublicKeyToken=b03f5f7f11d50a3a" className="tddTestProject.GuessGameEngineTests, tddTestProject, Version=1.0.0.0, Culture=neutral, PublicKeyToken=null" name="CheckIfGameHasNotEndedInitial" />
    </UnitTest>
    <UnitTest name="TestVerifyNumberWithinStartAndEndPoint" storage="c:\users\admin\documents\visual studio 2010\projects\tddapp\tddtestproject\bin\debug\tddtestproject.dll" id="def8db2d-822f-af11-199b-3976d4144a7b">
      <Execution id="165c4584-1003-4f52-a349-ca9ad4547f7a" />
      <TestMethod codeBase="C:/Users/admin/Documents/Visual Studio 2010/Projects/TddApp/tddTestProject/bin/Debug/tddTestProject.DLL" adapterTypeName="Microsoft.VisualStudio.TestTools.TestTypes.Unit.UnitTestAdapter, Microsoft.VisualStudio.QualityTools.Tips.UnitTest.Adapter, Version=10.0.0.0, Culture=neutral, PublicKeyToken=b03f5f7f11d50a3a" className="tddTestProject.RandomGeneratorTest, tddTestProject, Version=1.0.0.0, Culture=neutral, PublicKeyToken=null" name="TestVerifyNumberWithinStartAndEndPoint" />
    </UnitTest>
    <UnitTest name="CheckIfGameHasEnded" storage="c:\users\admin\documents\visual studio 2010\projects\tddapp\tddtestproject\bin\debug\tddtestproject.dll" id="bd475ef8-fb8a-003b-4339-2cbce56adb35">
      <Execution id="720a79f0-a6f4-4268-b612-7efc3c6446b0" />
      <TestMethod codeBase="C:/Users/admin/Documents/Visual Studio 2010/Projects/TddApp/tddTestProject/bin/Debug/tddTestProject.DLL" adapterTypeName="Microsoft.VisualStudio.TestTools.TestTypes.Unit.UnitTestAdapter, Microsoft.VisualStudio.QualityTools.Tips.UnitTest.Adapter, Version=10.0.0.0, Culture=neutral, PublicKeyToken=b03f5f7f11d50a3a" className="tddTestProject.GuessGameEngineTests, tddTestProject, Version=1.0.0.0, Culture=neutral, PublicKeyToken=null" name="CheckIfGameHasEnded" />
    </UnitTest>
    <UnitTest name="CheckIfGameStarted" storage="c:\users\admin\documents\visual studio 2010\projects\tddapp\tddtestproject\bin\debug\tddtestproject.dll" id="54fcba90-3918-7879-c61d-d9bb244cac0a">
      <Execution id="4e7d0454-40c1-42b3-8441-cdd22aec8ce8" />
      <TestMethod codeBase="C:/Users/admin/Documents/Visual Studio 2010/Projects/TddApp/tddTestProject/bin/Debug/tddTestProject.DLL" adapterTypeName="Microsoft.VisualStudio.TestTools.TestTypes.Unit.UnitTestAdapter, Microsoft.VisualStudio.QualityTools.Tips.UnitTest.Adapter, Version=10.0.0.0, Culture=neutral, PublicKeyToken=b03f5f7f11d50a3a" className="tddTestProject.GuessGameEngineTests, tddTestProject, Version=1.0.0.0, Culture=neutral, PublicKeyToken=null" name="CheckIfGameStarted" />
    </UnitTest>
    <UnitTest name="IfNumberLessThanRandomNumberReturnAimHigher" storage="c:\users\admin\documents\visual studio 2010\projects\tddapp\tddtestproject\bin\debug\tddtestproject.dll" id="3497b25c-7382-50b8-8b2e-7a9c42e0166d">
      <Execution id="2ded4b13-b4db-4b20-8bdd-595f336c2ecd" />
      <TestMethod codeBase="C:/Users/admin/Documents/Visual Studio 2010/Projects/TddApp/tddTestProject/bin/Debug/tddTestProject.DLL" adapterTypeName="Microsoft.VisualStudio.TestTools.TestTypes.Unit.UnitTestAdapter, Microsoft.VisualStudio.QualityTools.Tips.UnitTest.Adapter, Version=10.0.0.0, Culture=neutral, PublicKeyToken=b03f5f7f11d50a3a" className="tddTestProject.GuessGameEngineTests, tddTestProject, Version=1.0.0.0, Culture=neutral, PublicKeyToken=null" name="IfNumberLessThanRandomNumberReturnAimHigher" />
    </UnitTest>
    <UnitTest name="IfNumberHigherThanRandomNumberReturnAimLower" storage="c:\users\admin\documents\visual studio 2010\projects\tddapp\tddtestproject\bin\debug\tddtestproject.dll" id="cc3055af-326a-4e81-0090-c61bcc7096d2">
      <Execution id="7467f3b4-4d86-4a06-a2ec-6ea968fb184a" />
      <TestMethod codeBase="C:/Users/admin/Documents/Visual Studio 2010/Projects/TddApp/tddTestProject/bin/Debug/tddTestProject.DLL" adapterTypeName="Microsoft.VisualStudio.TestTools.TestTypes.Unit.UnitTestAdapter, Microsoft.VisualStudio.QualityTools.Tips.UnitTest.Adapter, Version=10.0.0.0, Culture=neutral, PublicKeyToken=b03f5f7f11d50a3a" className="tddTestProject.GuessGameEngineTests, tddTestProject, Version=1.0.0.0, Culture=neutral, PublicKeyToken=null" name="IfNumberHigherThanRandomNumberReturnAimLower" />
    </UnitTest>
    <UnitTest name="IfNumberEqualToRandomNumberReturnSucess" storage="c:\users\admin\documents\visual studio 2010\projects\tddapp\tddtestproject\bin\debug\tddtestproject.dll" id="9a2b2de3-68f6-0d01-db1a-1d37f11feefc">
      <Execution id="750b2740-28b1-4a8f-af40-2a05a7580a6f" />
      <TestMethod codeBase="C:/Users/admin/Documents/Visual Studio 2010/Projects/TddApp/tddTestProject/bin/Debug/tddTestProject.DLL" adapterTypeName="Microsoft.VisualStudio.TestTools.TestTypes.Unit.UnitTestAdapter, Microsoft.VisualStudio.QualityTools.Tips.UnitTest.Adapter, Version=10.0.0.0, Culture=neutral, PublicKeyToken=b03f5f7f11d50a3a" className="tddTestProject.GuessGameEngineTests, tddTestProject, Version=1.0.0.0, Culture=neutral, PublicKeyToken=null" name="IfNumberEqualToRandomNumberReturnSucess" />
    </UnitTest>
  </TestDefinitions>
  <TestLists>
    <TestList name="Results Not in a List" id="8c84fa94-04c1-424b-9868-57a2d4851a1d" />
    <TestList name="All Loaded Results" id="19431567-8539-422a-85d7-44ee4e166bda" />
  </TestLists>
  <TestEntries>
    <TestEntry testId="0c08ab89-e6ea-2cb7-4159-36b5ffdf0e3b" executionId="53d36e54-7018-45e2-a929-17a4cb70ab9a" testListId="8c84fa94-04c1-424b-9868-57a2d4851a1d" />
    <TestEntry testId="3497b25c-7382-50b8-8b2e-7a9c42e0166d" executionId="2ded4b13-b4db-4b20-8bdd-595f336c2ecd" testListId="8c84fa94-04c1-424b-9868-57a2d4851a1d" />
    <TestEntry testId="54fcba90-3918-7879-c61d-d9bb244cac0a" executionId="4e7d0454-40c1-42b3-8441-cdd22aec8ce8" testListId="8c84fa94-04c1-424b-9868-57a2d4851a1d" />
    <TestEntry testId="628db3ed-4833-0202-b315-6483646c2ec3" executionId="586f9e6b-78b1-4263-bd84-7e2125a14fde" testListId="8c84fa94-04c1-424b-9868-57a2d4851a1d" />
    <TestEntry testId="7854da99-1ae1-56fd-feed-cdb33e663f74" executionId="659e76cc-1870-4f7a-98c8-ce04742864c8" testListId="8c84fa94-04c1-424b-9868-57a2d4851a1d" />
    <TestEntry testId="9a2b2de3-68f6-0d01-db1a-1d37f11feefc" executionId="750b2740-28b1-4a8f-af40-2a05a7580a6f" testListId="8c84fa94-04c1-424b-9868-57a2d4851a1d" />
    <TestEntry testId="a0397980-a34e-a1f3-d25a-b14275332670" executionId="8187409e-fdd3-4601-9fad-2310e12a0145" testListId="8c84fa94-04c1-424b-9868-57a2d4851a1d" />
    <TestEntry testId="a64fb3be-0a63-85d4-2861-eb2a6c9c9224" executionId="c1d013d1-4596-4226-8360-fc5dae3b34ca" testListId="8c84fa94-04c1-424b-9868-57a2d4851a1d" />
    <TestEntry testId="bd475ef8-fb8a-003b-4339-2cbce56adb35" executionId="720a79f0-a6f4-4268-b612-7efc3c6446b0" testListId="8c84fa94-04c1-424b-9868-57a2d4851a1d" />
    <TestEntry testId="cc3055af-326a-4e81-0090-c61bcc7096d2" executionId="7467f3b4-4d86-4a06-a2ec-6ea968fb184a" testListId="8c84fa94-04c1-424b-9868-57a2d4851a1d" />
    <TestEntry testId="def8db2d-822f-af11-199b-3976d4144a7b" executionId="165c4584-1003-4f52-a349-ca9ad4547f7a" testListId="8c84fa94-04c1-424b-9868-57a2d4851a1d" />
  </TestEntries>
  <Results>
    <UnitTestResult executionId="53d36e54-7018-45e2-a929-17a4cb70ab9a" testId="0c08ab89-e6ea-2cb7-4159-36b5ffdf0e3b" testName="CheckIfGameStartedTwiceThrowException" computerName="ADMIN-PC" duration="00:00:00.0153998" startTime="2015-10-06T15:03:50.5156948+05:30" endTime="2015-10-06T15:03:50.6447022+05:30" testType="13cdc9d9-ddb5-4fa4-a97d-d965ccfc6d4b" outcome="Passed" testListId="8c84fa94-04c1-424b-9868-57a2d4851a1d" relativeResultsDirectory="53d36e54-7018-45e2-a929-17a4cb70ab9a">
    </UnitTestResult>
    <UnitTestResult executionId="2ded4b13-b4db-4b20-8bdd-595f336c2ecd" testId="3497b25c-7382-50b8-8b2e-7a9c42e0166d" testName="IfNumberLessThanRandomNumberReturnAimHigher" computerName="ADMIN-PC" duration="00:00:00.0010140" startTime="2015-10-06T15:03:50.6467023+05:30" endTime="2015-10-06T15:03:50.6497025+05:30" testType="13cdc9d9-ddb5-4fa4-a97d-d965ccfc6d4b" outcome="Passed" testListId="8c84fa94-04c1-424b-9868-57a2d4851a1d" relativeResultsDirectory="2ded4b13-b4db-4b20-8bdd-595f336c2ecd">
    </UnitTestResult>
    <UnitTestResult executionId="4e7d0454-40c1-42b3-8441-cdd22aec8ce8" testId="54fcba90-3918-7879-c61d-d9bb244cac0a" testName="CheckIfGameStarted" computerName="ADMIN-PC" duration="00:00:00.0001220" startTime="2015-10-06T15:03:50.6527026+05:30" endTime="2015-10-06T15:03:50.6547028+05:30" testType="13cdc9d9-ddb5-4fa4-a97d-d965ccfc6d4b" outcome="Passed" testListId="8c84fa94-04c1-424b-9868-57a2d4851a1d" relativeResultsDirectory="4e7d0454-40c1-42b3-8441-cdd22aec8ce8">
    </UnitTestResult>
    <UnitTestResult executionId="586f9e6b-78b1-4263-bd84-7e2125a14fde" testId="628db3ed-4833-0202-b315-6483646c2ec3" testName="CheckAttemptsAreCorrect" computerName="ADMIN-PC" duration="00:00:00.0002078" startTime="2015-10-06T15:03:50.6557028+05:30" endTime="2015-10-06T15:03:50.6607031+05:30" testType="13cdc9d9-ddb5-4fa4-a97d-d965ccfc6d4b" outcome="Passed" testListId="8c84fa94-04c1-424b-9868-57a2d4851a1d" relativeResultsDirectory="586f9e6b-78b1-4263-bd84-7e2125a14fde">
    </UnitTestResult>
    <UnitTestResult executionId="659e76cc-1870-4f7a-98c8-ce04742864c8" testId="7854da99-1ae1-56fd-feed-cdb33e663f74" testName="TestIfEndPointExists" computerName="ADMIN-PC" duration="00:00:00.0006277" startTime="2015-10-06T15:03:50.6617032+05:30" endTime="2015-10-06T15:03:50.6657034+05:30" testType="13cdc9d9-ddb5-4fa4-a97d-d965ccfc6d4b" outcome="Passed" testListId="8c84fa94-04c1-424b-9868-57a2d4851a1d" relativeResultsDirectory="659e76cc-1870-4f7a-98c8-ce04742864c8">
    </UnitTestResult>
    <UnitTestResult executionId="750b2740-28b1-4a8f-af40-2a05a7580a6f" testId="9a2b2de3-68f6-0d01-db1a-1d37f11feefc" testName="IfNumberEqualToRandomNumberReturnSucess" computerName="ADMIN-PC" duration="00:00:00.0001704" startTime="2015-10-06T15:03:50.6667034+05:30" endTime="2015-10-06T15:03:50.6687036+05:30" testType="13cdc9d9-ddb5-4fa4-a97d-d965ccfc6d4b" outcome="Passed" testListId="8c84fa94-04c1-424b-9868-57a2d4851a1d" relativeResultsDirectory="750b2740-28b1-4a8f-af40-2a05a7580a6f">
    </UnitTestResult>
    <UnitTestResult executionId="8187409e-fdd3-4601-9fad-2310e12a0145" testId="a0397980-a34e-a1f3-d25a-b14275332670" testName="TestIfStartPointExists" computerName="ADMIN-PC" duration="00:00:00.0001379" startTime="2015-10-06T15:03:50.6707037+05:30" endTime="2015-10-06T15:03:50.6737038+05:30" testType="13cdc9d9-ddb5-4fa4-a97d-d965ccfc6d4b" outcome="Passed" testListId="8c84fa94-04c1-424b-9868-57a2d4851a1d" relativeResultsDirectory="8187409e-fdd3-4601-9fad-2310e12a0145">
    </UnitTestResult>
    <UnitTestResult executionId="c1d013d1-4596-4226-8360-fc5dae3b34ca" testId="a64fb3be-0a63-85d4-2861-eb2a6c9c9224" testName="CheckIfGameHasNotEndedInitial" computerName="ADMIN-PC" duration="00:00:00.0002292" startTime="2015-10-06T15:03:50.6747039+05:30" endTime="2015-10-06T15:03:50.6777041+05:30" testType="13cdc9d9-ddb5-4fa4-a97d-d965ccfc6d4b" outcome="Passed" testListId="8c84fa94-04c1-424b-9868-57a2d4851a1d" relativeResultsDirectory="c1d013d1-4596-4226-8360-fc5dae3b34ca">
    </UnitTestResult>
    <UnitTestResult executionId="720a79f0-a6f4-4268-b612-7efc3c6446b0" testId="bd475ef8-fb8a-003b-4339-2cbce56adb35" testName="CheckIfGameHasEnded" computerName="ADMIN-PC" duration="00:00:00.0006018" startTime="2015-10-06T15:03:50.6797042+05:30" endTime="2015-10-06T15:03:50.6827044+05:30" testType="13cdc9d9-ddb5-4fa4-a97d-d965ccfc6d4b" outcome="Passed" testListId="8c84fa94-04c1-424b-9868-57a2d4851a1d" relativeResultsDirectory="720a79f0-a6f4-4268-b612-7efc3c6446b0">
    </UnitTestResult>
    <UnitTestResult executionId="7467f3b4-4d86-4a06-a2ec-6ea968fb184a" testId="cc3055af-326a-4e81-0090-c61bcc7096d2" testName="IfNumberHigherThanRandomNumberReturnAimLower" computerName="ADMIN-PC" duration="00:00:00.0001653" startTime="2015-10-06T15:03:50.6857045+05:30" endTime="2015-10-06T15:03:50.6877046+05:30" testType="13cdc9d9-ddb5-4fa4-a97d-d965ccfc6d4b" outcome="Passed" testListId="8c84fa94-04c1-424b-9868-57a2d4851a1d" relativeResultsDirectory="7467f3b4-4d86-4a06-a2ec-6ea968fb184a">
    </UnitTestResult>
    <UnitTestResult executionId="165c4584-1003-4f52-a349-ca9ad4547f7a" testId="def8db2d-822f-af11-199b-3976d4144a7b" testName="TestVerifyNumberWithinStartAndEndPoint" computerName="ADMIN-PC" duration="00:00:00.0006360" startTime="2015-10-06T15:03:50.6897048+05:30" endTime="2015-10-06T15:03:50.6927049+05:30" testType="13cdc9d9-ddb5-4fa4-a97d-d965ccfc6d4b" outcome="Passed" testListId="8c84fa94-04c1-424b-9868-57a2d4851a1d" relativeResultsDirectory="165c4584-1003-4f52-a349-ca9ad4547f7a">
    </UnitTestResult>
  </Results>
</TestRun>